#
# There is insufficient memory for the Java Runtime Environment to continue.
# Native memory allocation (mmap) failed to map 199229440 bytes for Failed to commit area from 0x0000000742800000 to 0x000000074e600000 of length 199229440.
# Possible reasons:
#   The system is out of physical RAM or swap space
#   The process is running with CompressedOops enabled, and the Java Heap may be blocking the growth of the native heap
# Possible solutions:
#   Reduce memory load on the system
#   Increase physical memory or swap space
#   Check if swap backing store is full
#   Decrease Java heap size (-Xmx/-Xms)
#   Decrease number of Java threads
#   Decrease Java thread stack sizes (-Xss)
#   Set larger code cache with -XX:ReservedCodeCacheSize=
# This output file may be truncated or incomplete.
#
#  Out of Memory Error (t:/workspace/open/src/hotspot/os/windows/os_windows.cpp:3264), pid=51488, tid=15520
#
# JRE version:  (12.0.2+10) (build )
# Java VM: Java HotSpot(TM) 64-Bit Server VM (12.0.2+10, mixed mode, aot, sharing, tiered, compressed oops, g1 gc, windows-amd64)
# No core dump will be written. Minidumps are not enabled by default on client versions of Windows
#

---------------  S U M M A R Y ------------

Command Line: -Dfile.encoding=UTF-8 SelectSeatUIFrame

Host: Intel(R) Core(TM) i5-8250U CPU @ 1.60GHz, 8 cores, 11G,  Windows 10 , 64 bit Build 18362 (10.0.18362.1110)
Time: Sat Dec 26 17:48:40 2020 ¢•eCN©ˆI°æ©ˆ C°ÕA®™®ˆA elapsed time: 0 seconds (0d 0h 0m 0s)

---------------  T H R E A D  ---------------

Current thread (0x0000025f45676800):  JavaThread "Unknown thread" [_thread_in_vm, id=15520, stack(0x000000ad90e00000,0x000000ad90f00000)]

Stack: [0x000000ad90e00000,0x000000ad90f00000]
Native frames: (J=compiled Java code, j=interpreted, Vv=VM code, C=native code)
V  [jvm.dll+0x63aa2a]
V  [jvm.dll+0x78ce1e]
V  [jvm.dll+0x78e4c1]
V  [jvm.dll+0x78eb13]
V  [jvm.dll+0x2627e8]
V  [jvm.dll+0x637f5a]
V  [jvm.dll+0x62c845]
V  [jvm.dll+0x31e49c]
V  [jvm.dll+0x31e2cf]
V  [jvm.dll+0x324006]
V  [jvm.dll+0x371f56]
V  [jvm.dll+0x371720]
V  [jvm.dll+0x2f845a]
V  [jvm.dll+0x2f96d2]
V  [jvm.dll+0x767267]
V  [jvm.dll+0x7689f5]
V  [jvm.dll+0x380059]
V  [jvm.dll+0x74b794]
V  [jvm.dll+0x3ef5cd]
V  [jvm.dll+0x3f1471]
C  [jli.dll+0x51cf]
C  [ucrtbase.dll+0x210b2]
C  [KERNEL32.DLL+0x17c24]
C  [ntdll.dll+0x6d4d1]


---------------  P R O C E S S  ---------------

Threads class SMR info:
_java_thread_list=0x00007ff976627928, length=0, elements={
}

Java Threads: ( => current thread )

Other Threads:
  0x0000025f456c7000 GCTaskThread "GC Thread#0" [stack: 0x000000ad90f00000,0x000000ad91000000] [id=55272]
  0x0000025f456db800 ConcurrentGCThread "G1 Main Marker" [stack: 0x000000ad91000000,0x000000ad91100000] [id=24348]
  0x0000025f456df000 ConcurrentGCThread "G1 Conc#0" [stack: 0x000000ad91100000,0x000000ad91200000] [id=48456]

[error occurred during error reporting (printing all threads), id 0xc0000005, EXCEPTION_ACCESS_VIOLATION (0xc0000005) at pc=0x00007ff975e585e7]

VM state:not at safepoint (not fully initialized)

VM Mutex/Monitor currently owned by a thread:  ([mutex/lock_event])
[0x0000025f45673330] Heap_lock - owner thread: 0x0000025f45676800

Heap address: 0x0000000742800000, size: 3032 MB, Compressed Oops mode: Non-zero based: 0x0000000742800000
Narrow klass base: 0x0000000000000000, Narrow klass shift: 0

GC Heap History (0 events):
No events

Deoptimization events (0 events):
No events

Classes redefined (0 events):
No events

Internal exceptions (0 events):
No events

Events (0 events):
No events


Dynamic libraries:
0x00007ff6dbe00000 - 0x00007ff6dbe0f000 	C:\Program Files\Java\jdk-12.0.2\bin\javaw.exe
0x00007ff9b9be0000 - 0x00007ff9b9dd0000 	C:\WINDOWS\SYSTEM32\ntdll.dll
0x00007ff9b83c0000 - 0x00007ff9b8472000 	C:\WINDOWS\System32\KERNEL32.DLL
0x00007ff9b6c90000 - 0x00007ff9b6f35000 	C:\WINDOWS\System32\KERNELBASE.dll
0x00007ff9b6f40000 - 0x00007ff9b703a000 	C:\WINDOWS\System32\ucrtbase.dll
0x00007ff99fd50000 - 0x00007ff99fd66000 	C:\Program Files\Java\jdk-12.0.2\bin\VCRUNTIME140.dll
0x00007ff9a6850000 - 0x00007ff9a6868000 	C:\Program Files\Java\jdk-12.0.2\bin\jli.dll
0x00007ff9b8600000 - 0x00007ff9b86a3000 	C:\WINDOWS\System32\ADVAPI32.dll
0x00007ff9b7d00000 - 0x00007ff9b7d9e000 	C:\WINDOWS\System32\msvcrt.dll
0x00007ff9b9b00000 - 0x00007ff9b9b97000 	C:\WINDOWS\System32\sechost.dll
0x00007ff9b86b0000 - 0x00007ff9b87d0000 	C:\WINDOWS\System32\RPCRT4.dll
0x00007ff9b90c0000 - 0x00007ff9b9254000 	C:\WINDOWS\System32\USER32.dll
0x00007ff9b6b50000 - 0x00007ff9b6b71000 	C:\WINDOWS\System32\win32u.dll
0x00007ff9b85d0000 - 0x00007ff9b85f6000 	C:\WINDOWS\System32\GDI32.dll
0x00007ff9b7090000 - 0x00007ff9b7226000 	C:\WINDOWS\System32\gdi32full.dll
0x00007ff9b7460000 - 0x00007ff9b74fe000 	C:\WINDOWS\System32\msvcp_win.dll
0x00007ff9aaba0000 - 0x00007ff9aae24000 	C:\WINDOWS\WinSxS\amd64_microsoft.windows.common-controls_6595b64144ccf1df_6.0.18362.1256_none_9e7e379be45e40e2\COMCTL32.dll
0x00007ff9b8d80000 - 0x00007ff9b90b6000 	C:\WINDOWS\System32\combase.dll
0x00007ff9b7230000 - 0x00007ff9b72b1000 	C:\WINDOWS\System32\bcryptPrimitives.dll
0x00007ff9ae890000 - 0x00007ff9ae89a000 	C:\WINDOWS\SYSTEM32\VERSION.dll
0x00007ff9b8390000 - 0x00007ff9b83be000 	C:\WINDOWS\System32\IMM32.DLL
0x00007ff9810f0000 - 0x00007ff98119a000 	C:\Program Files\Java\jdk-12.0.2\bin\msvcp140.dll
0x00007ff975b50000 - 0x00007ff9766c7000 	C:\Program Files\Java\jdk-12.0.2\bin\server\jvm.dll
0x00007ff9b8480000 - 0x00007ff9b8488000 	C:\WINDOWS\System32\PSAPI.DLL
0x00007ff9ad070000 - 0x00007ff9ad094000 	C:\WINDOWS\SYSTEM32\WINMM.dll
0x00007ff9aaf20000 - 0x00007ff9aaf29000 	C:\WINDOWS\SYSTEM32\WSOCK32.dll
0x00007ff9b8a60000 - 0x00007ff9b8acf000 	C:\WINDOWS\System32\WS2_32.dll
0x00007ff9ad040000 - 0x00007ff9ad06d000 	C:\WINDOWS\SYSTEM32\winmmbase.dll
0x00007ff9b7040000 - 0x00007ff9b708a000 	C:\WINDOWS\System32\cfgmgr32.dll
0x00007ff9b6ac0000 - 0x00007ff9b6ad1000 	C:\WINDOWS\System32\kernel.appcore.dll
0x00007ff9ac900000 - 0x00007ff9ac911000 	C:\Program Files\Java\jdk-12.0.2\bin\verify.dll
0x00007ff9b5360000 - 0x00007ff9b5554000 	C:\WINDOWS\SYSTEM32\DBGHELP.DLL
0x00007ff9af450000 - 0x00007ff9af47a000 	C:\WINDOWS\SYSTEM32\dbgcore.DLL
0x00007ff996b10000 - 0x00007ff996b36000 	C:\Program Files\Java\jdk-12.0.2\bin\java.dll
0x00007ff9ac820000 - 0x00007ff9ac837000 	C:\Program Files\Java\jdk-12.0.2\bin\zip.dll
0x00007ff9b2ae0000 - 0x00007ff9b2aea000 	C:\Program Files\Java\jdk-12.0.2\bin\jimage.dll

dbghelp: loaded successfully - version: 4.0.5 - missing functions: none
symbol engine: initialized successfully - sym options: 0x614 - pdb path: .;C:\Program Files\Java\jdk-12.0.2\bin;C:\WINDOWS\SYSTEM32;C:\WINDOWS\WinSxS\amd64_microsoft.windows.common-controls_6595b64144ccf1df_6.0.18362.1256_none_9e7e379be45e40e2;C:\Program Files\Java\jdk-12.0.2\bin\server

VM Arguments:
jvm_args: -Dfile.encoding=UTF-8 
java_command: SelectSeatUIFrame
java_class_path (initial): C:\Users\user\OneDrive\πŸ≈¡ »≠∏È\∞¥√º¡ˆ«‚ «¡∑Œ¡ß∆Æ\OOP_FilghtReservation\AirlineBooking\bin
Launcher Type: SUN_STANDARD

[Global flags]
     intx CICompilerCount                          = 4                                         {product} {ergonomic}
     uint ConcGCThreads                            = 2                                         {product} {ergonomic}
     uint G1ConcRefinementThreads                  = 8                                         {product} {ergonomic}
   size_t G1HeapRegionSize                         = 1048576                                   {product} {ergonomic}
    uintx GCDrainStackTargetSize                   = 64                                        {product} {ergonomic}
   size_t InitialHeapSize                          = 199229440                                 {product} {ergonomic}
   size_t MarkStackSize                            = 4194304                                   {product} {ergonomic}
   size_t MaxHeapSize                              = 3179282432                                {product} {ergonomic}
   size_t MinHeapDeltaBytes                        = 1048576                                   {product} {ergonomic}
    uintx NonNMethodCodeHeapSize                   = 5836300                                {pd product} {ergonomic}
    uintx NonProfiledCodeHeapSize                  = 122910970                              {pd product} {ergonomic}
    uintx ProfiledCodeHeapSize                     = 122910970                              {pd product} {ergonomic}
    uintx ReservedCodeCacheSize                    = 251658240                              {pd product} {ergonomic}
     bool SegmentedCodeCache                       = true                                      {product} {ergonomic}
     bool UseCompressedClassPointers               = true                                 {lp64_product} {ergonomic}
     bool UseCompressedOops                        = true                                 {lp64_product} {ergonomic}
     bool UseG1GC                                  = true                                      {product} {ergonomic}
     bool UseLargePagesIndividualAllocation        = false                                  {pd product} {ergonomic}

Logging:
Log output configuration:
 #0: stdout all=warning uptime,level,tags
 #1: stderr all=off uptime,level,tags

Environment Variables:
PATH=C:/Program Files/Java/jdk-12.0.2/bin/server;C:/Program Files/Java/jdk-12.0.2/bin;C:\WINDOWS\system32;C:\WINDOWS;C:\WINDOWS\System32\Wbem;C:\WINDOWS\System32\WindowsPowerShell\v1.0\;C:\Program Files\dotnet\;C:\WINDOWS\System32\OpenSSH\;C:\Program Files\Java\jdk-12.0.2\bin;C:\Users\user\OneDrive\πŸ≈¡ »≠∏È\openGL;C:\;rogram Files\nodejs\;C:\Program Files\Git\cmd;C:\Users\user\AppData\Local\Programs\Python\Python36-32\Scripts\;C:\Users\user\AppData\Local\Programs\Python\Python36-32\;C:\Users\user\AppData\Local\Microsoft\WindowsApps;C:\Modeltech_pe_edu_10.4a\win32pe_edu;C:\ProgramData\user\atom\bin;C:\Users\user\AppData\Local\Microsoft\WindowsApps;C:\Users\user\AppData\Roaming\npm;C:\Users\user\AppData\Local\atom\bin;C:\Users\user\OneDrive\πŸ≈¡ »≠∏È;
USERNAME=user
OS=Windows_NT
PROCESSOR_IDENTIFIER=Intel64 Family 6 Model 142 Stepping 10, GenuineIntel



---------------  S Y S T E M  ---------------

OS: Windows 10 , 64 bit Build 18362 (10.0.18362.1110)

CPU:total 8 (initial active 8) (4 cores per cpu, 2 threads per core) family 6 model 142 stepping 10, cmov, cx8, fxsr, mmx, sse, sse2, sse3, ssse3, sse4.1, sse4.2, popcnt, avx, avx2, aes, clmul, erms, 3dnowpref, lzcnt, ht, tsc, tscinvbit, bmi1, bmi2, adx, fma

Memory: 4k page, system-wide physical 12121M (4361M free)
TotalPageFile size 19841M (AvailPageFile size 138M)
current process WorkingSet (physical memory assigned to process): 10M, peak: 10M
current process commit charge ("private bytes"): 60M, peak: 250M

vm_info: Java HotSpot(TM) 64-Bit Server VM (12.0.2+10) for windows-amd64 JRE (12.0.2+10), built on Jul 16 2019 01:56:17 by "mach5one" with MS VC++ 15.5 (VS2017)

END.
