#
# There is insufficient memory for the Java Runtime Environment to continue.
# Native memory allocation (malloc) failed to allocate 616176 bytes for Chunk::new
# Possible reasons:
#   The system is out of physical RAM or swap space
#   The process is running with CompressedOops enabled, and the Java Heap may be blocking the growth of the native heap
# Possible solutions:
#   Reduce memory load on the system
#   Increase physical memory or swap space
#   Check if swap backing store is full
#   Decrease Java heap size (-Xmx/-Xms)
#   Decrease number of Java threads
#   Decrease Java thread stack sizes (-Xss)
#   Set larger code cache with -XX:ReservedCodeCacheSize=
#   JVM is running with Unscaled Compressed Oops mode in which the Java heap is
#     placed in the first 4GB address space. The Java Heap base address is the
#     maximum limit for the native heap growth. Please use -XX:HeapBaseMinAddress
#     to set the Java Heap base and to place the Java Heap above 4GB virtual address.
# This output file may be truncated or incomplete.
#
#  Out of Memory Error (t:/workspace/open/src/hotspot/share/memory/arena.cpp:197), pid=32520, tid=32256
#
# JRE version: Java(TM) SE Runtime Environment (12.0.2+10) (build 12.0.2+10)
# Java VM: Java HotSpot(TM) 64-Bit Server VM (12.0.2+10, mixed mode, sharing, tiered, compressed oops, g1 gc, windows-amd64)
# No core dump will be written. Minidumps are not enabled by default on client versions of Windows
#

---------------  S U M M A R Y ------------

Command Line: -Dfile.encoding=UTF-8 SelectSeatUIFrame

Host: Intel(R) Core(TM) i5-7200U CPU @ 2.50GHz, 4 cores, 7G,  Windows 10 , 64 bit Build 18362 (10.0.18362.1110)
Time: Sat Dec 26 18:38:37 2020 ´eCN¹I±¹ C￥AØ½A elapsed time: 0 seconds (0d 0h 0m 0s)

---------------  T H R E A D  ---------------

Current thread (0x000002b5fff74000):  JavaThread "C2 CompilerThread0" daemon [_thread_in_native, id=32256, stack(0x000000f662e00000,0x000000f662f00000)]


Current CompileTask:
C2:    852  692       4       jdk.internal.org.objectweb.asm.Frame::execute (2305 bytes)

Stack: [0x000000f662e00000,0x000000f662f00000]
Native frames: (J=compiled Java code, j=interpreted, Vv=VM code, C=native code)
V  [jvm.dll+0x63aa2a]
V  [jvm.dll+0x78ce1e]
V  [jvm.dll+0x78e4c1]
V  [jvm.dll+0x78eb13]
V  [jvm.dll+0x2627e8]
V  [jvm.dll+0xc55cc]
V  [jvm.dll+0xc5b4c]
V  [jvm.dll+0x2d4034]
V  [jvm.dll+0x5569ad]
V  [jvm.dll+0x21de8e]
V  [jvm.dll+0x21b2b6]
V  [jvm.dll+0x199a20]
V  [jvm.dll+0x22a744]
V  [jvm.dll+0x228d98]
V  [jvm.dll+0x7512a0]
V  [jvm.dll+0x74a2c8]
V  [jvm.dll+0x639b16]
C  [ucrtbase.dll+0x210b2]
C  [KERNEL32.DLL+0x17c24]
C  [ntdll.dll+0x6d4d1]


---------------  P R O C E S S  ---------------

Threads class SMR info:
_java_thread_list=0x000002b59cdbbdc0, length=15, elements={
0x000002b5fff3f800, 0x000002b5fff41000, 0x000002b5fff5f800, 0x000002b5fff62000,
0x000002b5fff74000, 0x000002b5fff82000, 0x000002b59bb70800, 0x000002b59bc4b000,
0x000002b59bc58800, 0x000002b59be91000, 0x000002b59be92000, 0x000002b59bed0800,
0x000002b59cddf000, 0x000002b5fcf69000, 0x000002b5fff7e800
}

Java Threads: ( => current thread )
  0x000002b5fff3f800 JavaThread "Reference Handler" daemon [_thread_blocked, id=36056, stack(0x000000f662a00000,0x000000f662b00000)]
  0x000002b5fff41000 JavaThread "Finalizer" daemon [_thread_blocked, id=16576, stack(0x000000f662b00000,0x000000f662c00000)]
  0x000002b5fff5f800 JavaThread "Signal Dispatcher" daemon [_thread_blocked, id=35400, stack(0x000000f662c00000,0x000000f662d00000)]
  0x000002b5fff62000 JavaThread "Attach Listener" daemon [_thread_blocked, id=36020, stack(0x000000f662d00000,0x000000f662e00000)]
=>0x000002b5fff74000 JavaThread "C2 CompilerThread0" daemon [_thread_in_native, id=32256, stack(0x000000f662e00000,0x000000f662f00000)]
  0x000002b5fff82000 JavaThread "C1 CompilerThread0" daemon [_thread_blocked, id=30136, stack(0x000000f662f00000,0x000000f663000000)]
  0x000002b59bb70800 JavaThread "Sweeper thread" daemon [_thread_blocked, id=16744, stack(0x000000f663000000,0x000000f663100000)]
  0x000002b59bc4b000 JavaThread "Service Thread" daemon [_thread_blocked, id=36064, stack(0x000000f663100000,0x000000f663200000)]
  0x000002b59bc58800 JavaThread "Common-Cleaner" daemon [_thread_blocked, id=36060, stack(0x000000f663300000,0x000000f663400000)]
  0x000002b59be91000 JavaThread "Java2D Disposer" daemon [_thread_blocked, id=36124, stack(0x000000f663400000,0x000000f663500000)]
  0x000002b59be92000 JavaThread "AWT-Shutdown" [_thread_blocked, id=36136, stack(0x000000f663500000,0x000000f663600000)]
  0x000002b59bed0800 JavaThread "AWT-Windows" daemon [_thread_in_native, id=36132, stack(0x000000f663600000,0x000000f663700000)]
  0x000002b59cddf000 JavaThread "AWT-EventQueue-0" [_thread_in_native, id=36156, stack(0x000000f663700000,0x000000f663800000)]
  0x000002b5fcf69000 JavaThread "DestroyJavaVM" [_thread_blocked, id=36028, stack(0x000000f662300000,0x000000f662400000)]
  0x000002b5fff7e800 JavaThread "C2 CompilerThread1" daemon [_thread_in_native, id=36176, stack(0x000000f663800000,0x000000f663900000)]

Other Threads:
  0x000002b5fff3b800 VMThread "VM Thread" [stack: 0x000000f662900000,0x000000f662a00000] [id=36052]
  0x000002b59bc58000 WatcherThread [stack: 0x000000f663200000,0x000000f663300000] [id=30952]
  0x000002b5fcfa6000 GCTaskThread "GC Thread#0" [stack: 0x000000f662400000,0x000000f662500000] [id=36036]
  0x000002b5fcfb5800 ConcurrentGCThread "G1 Main Marker" [stack: 0x000000f662500000,0x000000f662600000] [id=36032]
  0x000002b5fcfbb800 ConcurrentGCThread "G1 Conc#0" [stack: 0x000000f662600000,0x000000f662700000] [id=36044]
  0x000002b5ffdc0800 ConcurrentGCThread "G1 Refine#0" [stack: 0x000000f662700000,0x000000f662800000] [id=36048]
  0x000002b5ffdc1800 ConcurrentGCThread "G1 Young RemSet Sampling" [stack: 0x000000f662800000,0x000000f662900000] [id=36040]

Threads with active compile tasks:
C2 CompilerThread0   692       4       jdk.internal.org.objectweb.asm.Frame::execute (2305 bytes)
C2 CompilerThread1   708       4       java.util.HashMap::putVal (300 bytes)

VM state:not at safepoint (normal execution)

VM Mutex/Monitor currently owned by a thread: None

Heap address: 0x0000000082200000, size: 2014 MB, Compressed Oops mode: 32-bit
Narrow klass base: 0x0000000800000000, Narrow klass shift: 3
Compressed class space size: 1073741824 Address: 0x0000000801190000

Heap:
 garbage-first heap   total 129024K, used 9216K [0x0000000082200000, 0x0000000100000000)
  region size 1024K, 7 young (7168K), 0 survivors (0K)
 Metaspace       used 6350K, capacity 6622K, committed 6784K, reserved 1056768K
  class space    used 715K, capacity 876K, committed 896K, reserved 1048576K
Heap Regions: E=young(eden), S=young(survivor), O=old, HS=humongous(starts), HC=humongous(continues), CS=collection set, F=free, A=archive, TAMS=top-at-mark-start (previous, next)
|   0|0x0000000082200000, 0x0000000082300000, 0x0000000082300000|100%|HS|  |TAMS 0x0000000082200000, 0x0000000082200000| Complete 
|   1|0x0000000082300000, 0x0000000082400000, 0x0000000082400000|100%|HC|  |TAMS 0x0000000082300000, 0x0000000082300000| Complete 
|   2|0x0000000082400000, 0x0000000082500000, 0x0000000082500000|100%|HC|  |TAMS 0x0000000082400000, 0x0000000082400000| Complete 
|   3|0x0000000082500000, 0x0000000082500000, 0x0000000082600000|  0%| F|  |TAMS 0x0000000082500000, 0x0000000082500000| Untracked 
|   4|0x0000000082600000, 0x0000000082600000, 0x0000000082700000|  0%| F|  |TAMS 0x0000000082600000, 0x0000000082600000| Untracked 
|   5|0x0000000082700000, 0x0000000082700000, 0x0000000082800000|  0%| F|  |TAMS 0x0000000082700000, 0x0000000082700000| Untracked 
|   6|0x0000000082800000, 0x0000000082800000, 0x0000000082900000|  0%| F|  |TAMS 0x0000000082800000, 0x0000000082800000| Untracked 
|   7|0x0000000082900000, 0x0000000082900000, 0x0000000082a00000|  0%| F|  |TAMS 0x0000000082900000, 0x0000000082900000| Untracked 
|   8|0x0000000082a00000, 0x0000000082a00000, 0x0000000082b00000|  0%| F|  |TAMS 0x0000000082a00000, 0x0000000082a00000| Untracked 
|   9|0x0000000082b00000, 0x0000000082b00000, 0x0000000082c00000|  0%| F|  |TAMS 0x0000000082b00000, 0x0000000082b00000| Untracked 
|  10|0x0000000082c00000, 0x0000000082c00000, 0x0000000082d00000|  0%| F|  |TAMS 0x0000000082c00000, 0x0000000082c00000| Untracked 
|  11|0x0000000082d00000, 0x0000000082d00000, 0x0000000082e00000|  0%| F|  |TAMS 0x0000000082d00000, 0x0000000082d00000| Untracked 
|  12|0x0000000082e00000, 0x0000000082e00000, 0x0000000082f00000|  0%| F|  |TAMS 0x0000000082e00000, 0x0000000082e00000| Untracked 
|  13|0x0000000082f00000, 0x0000000082f00000, 0x0000000083000000|  0%| F|  |TAMS 0x0000000082f00000, 0x0000000082f00000| Untracked 
|  14|0x0000000083000000, 0x0000000083000000, 0x0000000083100000|  0%| F|  |TAMS 0x0000000083000000, 0x0000000083000000| Untracked 
|  15|0x0000000083100000, 0x0000000083100000, 0x0000000083200000|  0%| F|  |TAMS 0x0000000083100000, 0x0000000083100000| Untracked 
|  16|0x0000000083200000, 0x0000000083200000, 0x0000000083300000|  0%| F|  |TAMS 0x0000000083200000, 0x0000000083200000| Untracked 
|  17|0x0000000083300000, 0x0000000083300000, 0x0000000083400000|  0%| F|  |TAMS 0x0000000083300000, 0x0000000083300000| Untracked 
|  18|0x0000000083400000, 0x0000000083400000, 0x0000000083500000|  0%| F|  |TAMS 0x0000000083400000, 0x0000000083400000| Untracked 
|  19|0x0000000083500000, 0x0000000083500000, 0x0000000083600000|  0%| F|  |TAMS 0x0000000083500000, 0x0000000083500000| Untracked 
|  20|0x0000000083600000, 0x0000000083600000, 0x0000000083700000|  0%| F|  |TAMS 0x0000000083600000, 0x0000000083600000| Untracked 
|  21|0x0000000083700000, 0x0000000083700000, 0x0000000083800000|  0%| F|  |TAMS 0x0000000083700000, 0x0000000083700000| Untracked 
|  22|0x0000000083800000, 0x0000000083800000, 0x0000000083900000|  0%| F|  |TAMS 0x0000000083800000, 0x0000000083800000| Untracked 
|  23|0x0000000083900000, 0x0000000083900000, 0x0000000083a00000|  0%| F|  |TAMS 0x0000000083900000, 0x0000000083900000| Untracked 
|  24|0x0000000083a00000, 0x0000000083a00000, 0x0000000083b00000|  0%| F|  |TAMS 0x0000000083a00000, 0x0000000083a00000| Untracked 
|  25|0x0000000083b00000, 0x0000000083b00000, 0x0000000083c00000|  0%| F|  |TAMS 0x0000000083b00000, 0x0000000083b00000| Untracked 
|  26|0x0000000083c00000, 0x0000000083c00000, 0x0000000083d00000|  0%| F|  |TAMS 0x0000000083c00000, 0x0000000083c00000| Untracked 
|  27|0x0000000083d00000, 0x0000000083d00000, 0x0000000083e00000|  0%| F|  |TAMS 0x0000000083d00000, 0x0000000083d00000| Untracked 
|  28|0x0000000083e00000, 0x0000000083e00000, 0x0000000083f00000|  0%| F|  |TAMS 0x0000000083e00000, 0x0000000083e00000| Untracked 
|  29|0x0000000083f00000, 0x0000000083f00000, 0x0000000084000000|  0%| F|  |TAMS 0x0000000083f00000, 0x0000000083f00000| Untracked 
|  30|0x0000000084000000, 0x0000000084000000, 0x0000000084100000|  0%| F|  |TAMS 0x0000000084000000, 0x0000000084000000| Untracked 
|  31|0x0000000084100000, 0x0000000084100000, 0x0000000084200000|  0%| F|  |TAMS 0x0000000084100000, 0x0000000084100000| Untracked 
|  32|0x0000000084200000, 0x0000000084200000, 0x0000000084300000|  0%| F|  |TAMS 0x0000000084200000, 0x0000000084200000| Untracked 
|  33|0x0000000084300000, 0x0000000084300000, 0x0000000084400000|  0%| F|  |TAMS 0x0000000084300000, 0x0000000084300000| Untracked 
|  34|0x0000000084400000, 0x0000000084400000, 0x0000000084500000|  0%| F|  |TAMS 0x0000000084400000, 0x0000000084400000| Untracked 
|  35|0x0000000084500000, 0x0000000084500000, 0x0000000084600000|  0%| F|  |TAMS 0x0000000084500000, 0x0000000084500000| Untracked 
|  36|0x0000000084600000, 0x0000000084600000, 0x0000000084700000|  0%| F|  |TAMS 0x0000000084600000, 0x0000000084600000| Untracked 
|  37|0x0000000084700000, 0x0000000084700000, 0x0000000084800000|  0%| F|  |TAMS 0x0000000084700000, 0x0000000084700000| Untracked 
|  38|0x0000000084800000, 0x0000000084800000, 0x0000000084900000|  0%| F|  |TAMS 0x0000000084800000, 0x0000000084800000| Untracked 
|  39|0x0000000084900000, 0x0000000084900000, 0x0000000084a00000|  0%| F|  |TAMS 0x0000000084900000, 0x0000000084900000| Untracked 
|  40|0x0000000084a00000, 0x0000000084a00000, 0x0000000084b00000|  0%| F|  |TAMS 0x0000000084a00000, 0x0000000084a00000| Untracked 
|  41|0x0000000084b00000, 0x0000000084b00000, 0x0000000084c00000|  0%| F|  |TAMS 0x0000000084b00000, 0x0000000084b00000| Untracked 
|  42|0x0000000084c00000, 0x0000000084c00000, 0x0000000084d00000|  0%| F|  |TAMS 0x0000000084c00000, 0x0000000084c00000| Untracked 
|  43|0x0000000084d00000, 0x0000000084d00000, 0x0000000084e00000|  0%| F|  |TAMS 0x0000000084d00000, 0x0000000084d00000| Untracked 
|  44|0x0000000084e00000, 0x0000000084e00000, 0x0000000084f00000|  0%| F|  |TAMS 0x0000000084e00000, 0x0000000084e00000| Untracked 
|  45|0x0000000084f00000, 0x0000000084f00000, 0x0000000085000000|  0%| F|  |TAMS 0x0000000084f00000, 0x0000000084f00000| Untracked 
|  46|0x0000000085000000, 0x0000000085000000, 0x0000000085100000|  0%| F|  |TAMS 0x0000000085000000, 0x0000000085000000| Untracked 
|  47|0x0000000085100000, 0x0000000085100000, 0x0000000085200000|  0%| F|  |TAMS 0x0000000085100000, 0x0000000085100000| Untracked 
|  48|0x0000000085200000, 0x0000000085200000, 0x0000000085300000|  0%| F|  |TAMS 0x0000000085200000, 0x0000000085200000| Untracked 
|  49|0x0000000085300000, 0x0000000085300000, 0x0000000085400000|  0%| F|  |TAMS 0x0000000085300000, 0x0000000085300000| Untracked 
|  50|0x0000000085400000, 0x0000000085400000, 0x0000000085500000|  0%| F|  |TAMS 0x0000000085400000, 0x0000000085400000| Untracked 
|  51|0x0000000085500000, 0x0000000085500000, 0x0000000085600000|  0%| F|  |TAMS 0x0000000085500000, 0x0000000085500000| Untracked 
|  52|0x0000000085600000, 0x0000000085600000, 0x0000000085700000|  0%| F|  |TAMS 0x0000000085600000, 0x0000000085600000| Untracked 
|  53|0x0000000085700000, 0x0000000085700000, 0x0000000085800000|  0%| F|  |TAMS 0x0000000085700000, 0x0000000085700000| Untracked 
|  54|0x0000000085800000, 0x0000000085800000, 0x0000000085900000|  0%| F|  |TAMS 0x0000000085800000, 0x0000000085800000| Untracked 
|  55|0x0000000085900000, 0x0000000085900000, 0x0000000085a00000|  0%| F|  |TAMS 0x0000000085900000, 0x0000000085900000| Untracked 
|  56|0x0000000085a00000, 0x0000000085a00000, 0x0000000085b00000|  0%| F|  |TAMS 0x0000000085a00000, 0x0000000085a00000| Untracked 
|  57|0x0000000085b00000, 0x0000000085b00000, 0x0000000085c00000|  0%| F|  |TAMS 0x0000000085b00000, 0x0000000085b00000| Untracked 
|  58|0x0000000085c00000, 0x0000000085c00000, 0x0000000085d00000|  0%| F|  |TAMS 0x0000000085c00000, 0x0000000085c00000| Untracked 
|  59|0x0000000085d00000, 0x0000000085d00000, 0x0000000085e00000|  0%| F|  |TAMS 0x0000000085d00000, 0x0000000085d00000| Untracked 
|  60|0x0000000085e00000, 0x0000000085e00000, 0x0000000085f00000|  0%| F|  |TAMS 0x0000000085e00000, 0x0000000085e00000| Untracked 
|  61|0x0000000085f00000, 0x0000000085f00000, 0x0000000086000000|  0%| F|  |TAMS 0x0000000085f00000, 0x0000000085f00000| Untracked 
|  62|0x0000000086000000, 0x0000000086000000, 0x0000000086100000|  0%| F|  |TAMS 0x0000000086000000, 0x0000000086000000| Untracked 
|  63|0x0000000086100000, 0x0000000086100000, 0x0000000086200000|  0%| F|  |TAMS 0x0000000086100000, 0x0000000086100000| Untracked 
|  64|0x0000000086200000, 0x0000000086200000, 0x0000000086300000|  0%| F|  |TAMS 0x0000000086200000, 0x0000000086200000| Untracked 
|  65|0x0000000086300000, 0x0000000086300000, 0x0000000086400000|  0%| F|  |TAMS 0x0000000086300000, 0x0000000086300000| Untracked 
|  66|0x0000000086400000, 0x0000000086400000, 0x0000000086500000|  0%| F|  |TAMS 0x0000000086400000, 0x0000000086400000| Untracked 
|  67|0x0000000086500000, 0x0000000086500000, 0x0000000086600000|  0%| F|  |TAMS 0x0000000086500000, 0x0000000086500000| Untracked 
|  68|0x0000000086600000, 0x0000000086600000, 0x0000000086700000|  0%| F|  |TAMS 0x0000000086600000, 0x0000000086600000| Untracked 
|  69|0x0000000086700000, 0x0000000086700000, 0x0000000086800000|  0%| F|  |TAMS 0x0000000086700000, 0x0000000086700000| Untracked 
|  70|0x0000000086800000, 0x0000000086800000, 0x0000000086900000|  0%| F|  |TAMS 0x0000000086800000, 0x0000000086800000| Untracked 
|  71|0x0000000086900000, 0x0000000086900000, 0x0000000086a00000|  0%| F|  |TAMS 0x0000000086900000, 0x0000000086900000| Untracked 
|  72|0x0000000086a00000, 0x0000000086a00000, 0x0000000086b00000|  0%| F|  |TAMS 0x0000000086a00000, 0x0000000086a00000| Untracked 
|  73|0x0000000086b00000, 0x0000000086b00000, 0x0000000086c00000|  0%| F|  |TAMS 0x0000000086b00000, 0x0000000086b00000| Untracked 
|  74|0x0000000086c00000, 0x0000000086c00000, 0x0000000086d00000|  0%| F|  |TAMS 0x0000000086c00000, 0x0000000086c00000| Untracked 
|  75|0x0000000086d00000, 0x0000000086d00000, 0x0000000086e00000|  0%| F|  |TAMS 0x0000000086d00000, 0x0000000086d00000| Untracked 
|  76|0x0000000086e00000, 0x0000000086e00000, 0x0000000086f00000|  0%| F|  |TAMS 0x0000000086e00000, 0x0000000086e00000| Untracked 
|  77|0x0000000086f00000, 0x0000000086f00000, 0x0000000087000000|  0%| F|  |TAMS 0x0000000086f00000, 0x0000000086f00000| Untracked 
|  78|0x0000000087000000, 0x0000000087000000, 0x0000000087100000|  0%| F|  |TAMS 0x0000000087000000, 0x0000000087000000| Untracked 
|  79|0x0000000087100000, 0x0000000087100000, 0x0000000087200000|  0%| F|  |TAMS 0x0000000087100000, 0x0000000087100000| Untracked 
|  80|0x0000000087200000, 0x0000000087200000, 0x0000000087300000|  0%| F|  |TAMS 0x0000000087200000, 0x0000000087200000| Untracked 
|  81|0x0000000087300000, 0x0000000087300000, 0x0000000087400000|  0%| F|  |TAMS 0x0000000087300000, 0x0000000087300000| Untracked 
|  82|0x0000000087400000, 0x0000000087400000, 0x0000000087500000|  0%| F|  |TAMS 0x0000000087400000, 0x0000000087400000| Untracked 
|  83|0x0000000087500000, 0x0000000087500000, 0x0000000087600000|  0%| F|  |TAMS 0x0000000087500000, 0x0000000087500000| Untracked 
|  84|0x0000000087600000, 0x0000000087600000, 0x0000000087700000|  0%| F|  |TAMS 0x0000000087600000, 0x0000000087600000| Untracked 
|  85|0x0000000087700000, 0x0000000087700000, 0x0000000087800000|  0%| F|  |TAMS 0x0000000087700000, 0x0000000087700000| Untracked 
|  86|0x0000000087800000, 0x0000000087800000, 0x0000000087900000|  0%| F|  |TAMS 0x0000000087800000, 0x0000000087800000| Untracked 
|  87|0x0000000087900000, 0x0000000087900000, 0x0000000087a00000|  0%| F|  |TAMS 0x0000000087900000, 0x0000000087900000| Untracked 
|  88|0x0000000087a00000, 0x0000000087a00000, 0x0000000087b00000|  0%| F|  |TAMS 0x0000000087a00000, 0x0000000087a00000| Untracked 
|  89|0x0000000087b00000, 0x0000000087b00000, 0x0000000087c00000|  0%| F|  |TAMS 0x0000000087b00000, 0x0000000087b00000| Untracked 
|  90|0x0000000087c00000, 0x0000000087c00000, 0x0000000087d00000|  0%| F|  |TAMS 0x0000000087c00000, 0x0000000087c00000| Untracked 
|  91|0x0000000087d00000, 0x0000000087d00000, 0x0000000087e00000|  0%| F|  |TAMS 0x0000000087d00000, 0x0000000087d00000| Untracked 
|  92|0x0000000087e00000, 0x0000000087e00000, 0x0000000087f00000|  0%| F|  |TAMS 0x0000000087e00000, 0x0000000087e00000| Untracked 
|  93|0x0000000087f00000, 0x0000000087f00000, 0x0000000088000000|  0%| F|  |TAMS 0x0000000087f00000, 0x0000000087f00000| Untracked 
|  94|0x0000000088000000, 0x0000000088000000, 0x0000000088100000|  0%| F|  |TAMS 0x0000000088000000, 0x0000000088000000| Untracked 
|  95|0x0000000088100000, 0x0000000088100000, 0x0000000088200000|  0%| F|  |TAMS 0x0000000088100000, 0x0000000088100000| Untracked 
|  96|0x0000000088200000, 0x0000000088200000, 0x0000000088300000|  0%| F|  |TAMS 0x0000000088200000, 0x0000000088200000| Untracked 
|  97|0x0000000088300000, 0x0000000088300000, 0x0000000088400000|  0%| F|  |TAMS 0x0000000088300000, 0x0000000088300000| Untracked 
|  98|0x0000000088400000, 0x0000000088400000, 0x0000000088500000|  0%| F|  |TAMS 0x0000000088400000, 0x0000000088400000| Untracked 
|  99|0x0000000088500000, 0x0000000088500000, 0x0000000088600000|  0%| F|  |TAMS 0x0000000088500000, 0x0000000088500000| Untracked 
| 100|0x0000000088600000, 0x0000000088600000, 0x0000000088700000|  0%| F|  |TAMS 0x0000000088600000, 0x0000000088600000| Untracked 
| 101|0x0000000088700000, 0x0000000088700000, 0x0000000088800000|  0%| F|  |TAMS 0x0000000088700000, 0x0000000088700000| Untracked 
| 102|0x0000000088800000, 0x0000000088800000, 0x0000000088900000|  0%| F|  |TAMS 0x0000000088800000, 0x0000000088800000| Untracked 
| 103|0x0000000088900000, 0x0000000088900000, 0x0000000088a00000|  0%| F|  |TAMS 0x0000000088900000, 0x0000000088900000| Untracked 
| 104|0x0000000088a00000, 0x0000000088a00000, 0x0000000088b00000|  0%| F|  |TAMS 0x0000000088a00000, 0x0000000088a00000| Untracked 
| 105|0x0000000088b00000, 0x0000000088b00000, 0x0000000088c00000|  0%| F|  |TAMS 0x0000000088b00000, 0x0000000088b00000| Untracked 
| 106|0x0000000088c00000, 0x0000000088c00000, 0x0000000088d00000|  0%| F|  |TAMS 0x0000000088c00000, 0x0000000088c00000| Untracked 
| 107|0x0000000088d00000, 0x0000000088d00000, 0x0000000088e00000|  0%| F|  |TAMS 0x0000000088d00000, 0x0000000088d00000| Untracked 
| 108|0x0000000088e00000, 0x0000000088e00000, 0x0000000088f00000|  0%| F|  |TAMS 0x0000000088e00000, 0x0000000088e00000| Untracked 
| 109|0x0000000088f00000, 0x0000000088f00000, 0x0000000089000000|  0%| F|  |TAMS 0x0000000088f00000, 0x0000000088f00000| Untracked 
| 110|0x0000000089000000, 0x0000000089000000, 0x0000000089100000|  0%| F|  |TAMS 0x0000000089000000, 0x0000000089000000| Untracked 
| 111|0x0000000089100000, 0x0000000089100000, 0x0000000089200000|  0%| F|  |TAMS 0x0000000089100000, 0x0000000089100000| Untracked 
| 112|0x0000000089200000, 0x0000000089200000, 0x0000000089300000|  0%| F|  |TAMS 0x0000000089200000, 0x0000000089200000| Untracked 
| 113|0x0000000089300000, 0x0000000089300000, 0x0000000089400000|  0%| F|  |TAMS 0x0000000089300000, 0x0000000089300000| Untracked 
| 114|0x0000000089400000, 0x0000000089400000, 0x0000000089500000|  0%| F|  |TAMS 0x0000000089400000, 0x0000000089400000| Untracked 
| 115|0x0000000089500000, 0x0000000089500000, 0x0000000089600000|  0%| F|  |TAMS 0x0000000089500000, 0x0000000089500000| Untracked 
| 116|0x0000000089600000, 0x0000000089600000, 0x0000000089700000|  0%| F|  |TAMS 0x0000000089600000, 0x0000000089600000| Untracked 
| 117|0x0000000089700000, 0x0000000089700000, 0x0000000089800000|  0%| F|  |TAMS 0x0000000089700000, 0x0000000089700000| Untracked 
| 118|0x0000000089800000, 0x0000000089800000, 0x0000000089900000|  0%| F|  |TAMS 0x0000000089800000, 0x0000000089800000| Untracked 
| 119|0x0000000089900000, 0x00000000899482f8, 0x0000000089a00000| 28%| E|  |TAMS 0x0000000089900000, 0x0000000089900000| Complete 
| 120|0x0000000089a00000, 0x0000000089b00000, 0x0000000089b00000|100%| E|CS|TAMS 0x0000000089a00000, 0x0000000089a00000| Complete 
| 121|0x0000000089b00000, 0x0000000089c00000, 0x0000000089c00000|100%| E|CS|TAMS 0x0000000089b00000, 0x0000000089b00000| Complete 
| 122|0x0000000089c00000, 0x0000000089d00000, 0x0000000089d00000|100%| E|CS|TAMS 0x0000000089c00000, 0x0000000089c00000| Complete 
| 123|0x0000000089d00000, 0x0000000089e00000, 0x0000000089e00000|100%| E|CS|TAMS 0x0000000089d00000, 0x0000000089d00000| Complete 
| 124|0x0000000089e00000, 0x0000000089f00000, 0x0000000089f00000|100%| E|CS|TAMS 0x0000000089e00000, 0x0000000089e00000| Complete 
| 125|0x0000000089f00000, 0x000000008a000000, 0x000000008a000000|100%| E|CS|TAMS 0x0000000089f00000, 0x0000000089f00000| Complete 

Card table byte_map: [0x000002b5fd430000,0x000002b5fd820000] _byte_map_base: 0x000002b5fd01f000

Marking Bits (Prev, Next): (CMBitMap*) 0x000002b5fcfa6d98, (CMBitMap*) 0x000002b5fcfa6dd8
 Prev Bits: [0x000002b5fdc10000, 0x000002b5ffb88000)
 Next Bits: [0x000002b597330000, 0x000002b5992a8000)

Polling page: 0x000002b5fad40000

Metaspace:

Usage:
  Non-class:      5.61 MB capacity,     5.50 MB ( 98%) used,    87.23 KB (  2%) free+waste,    23.31 KB ( <1%) overhead. 
      Class:    876.00 KB capacity,   715.22 KB ( 82%) used,   145.78 KB ( 17%) free+waste,    15.00 KB (  2%) overhead. 
       Both:      6.47 MB capacity,     6.20 MB ( 96%) used,   233.02 KB (  4%) free+waste,    38.31 KB ( <1%) overhead. 

Virtual space:
  Non-class space:        8.00 MB reserved,       5.75 MB ( 72%) committed 
      Class space:        1.00 GB reserved,     896.00 KB ( <1%) committed 
             Both:        1.01 GB reserved,       6.63 MB ( <1%) committed 

Chunk freelists:
   Non-Class:  1.75 KB
       Class:  2.50 KB
        Both:  4.25 KB

CodeHeap 'non-profiled nmethods': size=120064Kb used=185Kb max_used=185Kb free=119878Kb
 bounds [0x000002b58fdf0000, 0x000002b590060000, 0x000002b597330000]
CodeHeap 'profiled nmethods': size=120000Kb used=1223Kb max_used=1223Kb free=118776Kb
 bounds [0x000002b5888c0000, 0x000002b588b30000, 0x000002b58fdf0000]
CodeHeap 'non-nmethods': size=5696Kb used=1179Kb max_used=1193Kb free=4517Kb
 bounds [0x000002b588330000, 0x000002b5885a0000, 0x000002b5888c0000]
 total_blobs=1338 nmethods=709 adapters=428
 compilation: enabled
              stopped_count=0, restarted_count=0
 full_count=0

Compilation events (10 events):
Event: 0.790 Thread 0x000002b5fff74000 nmethod 688 0x000002b58fe1bb10 code [0x000002b58fe1bca0, 0x000002b58fe1bcf8]
Event: 0.811 Thread 0x000002b5fff74000  689       4       sun.java2d.loops.GraphicsPrimitiveMgr$2::compare (39 bytes)
Event: 0.812 Thread 0x000002b5fff74000 nmethod 689 0x000002b58fe1bd90 code [0x000002b58fe1bf40, 0x000002b58fe1c058]
Event: 0.815 Thread 0x000002b5fff82000  690       3       javax.swing.JComponent::getFlag (20 bytes)
Event: 0.816 Thread 0x000002b5fff82000 nmethod 690 0x000002b5889e6410 code [0x000002b5889e65c0, 0x000002b5889e67b8]
Event: 0.817 Thread 0x000002b5fff82000  691       3       java.lang.Module::isNamed (13 bytes)
Event: 0.817 Thread 0x000002b5fff82000 nmethod 691 0x000002b5889e6890 code [0x000002b5889e6a40, 0x000002b5889e6c18]
Event: 0.818 Thread 0x000002b5fff74000  692       4       jdk.internal.org.objectweb.asm.Frame::execute (2305 bytes)
Event: 0.818 Thread 0x000002b5fff82000  693       3       jdk.internal.org.objectweb.asm.SymbolTable::addTypeInternal (85 bytes)
Event: 0.819 Thread 0x000002b5fff82000 nmethod 693 0x000002b5889e6c90 code [0x000002b5889e6ea0, 0x000002b5889e7580]

GC Heap History (0 events):
No events

Deoptimization events (6 events):
Event: 0.150 Thread 0x000002b5fcf69000 Uncommon trap: reason=unstable_if action=reinterpret pc=0x000002b58fdf4748 method=java.lang.String.hashCode()I @ 14 c2
Event: 0.374 Thread 0x000002b5fcf69000 Uncommon trap: reason=range_check action=reinterpret pc=0x000002b58fe02aec method=java.lang.StringLatin1.indexOf([BII)I @ 13 c2
Event: 0.393 Thread 0x000002b5fcf69000 Uncommon trap: reason=profile_predicate action=maybe_recompile pc=0x000002b58fe054f8 method=jdk.internal.org.objectweb.asm.ByteVector.putUTF8(Ljava/lang/String;)Ljdk/internal/org/objectweb/asm/ByteVector; @ 79 c2
Event: 0.393 Thread 0x000002b5fcf69000 Uncommon trap: reason=profile_predicate action=maybe_recompile pc=0x000002b58fe054f8 method=jdk.internal.org.objectweb.asm.ByteVector.putUTF8(Ljava/lang/String;)Ljdk/internal/org/objectweb/asm/ByteVector; @ 79 c2
Event: 0.393 Thread 0x000002b5fcf69000 Uncommon trap: reason=profile_predicate action=maybe_recompile pc=0x000002b58fe054f8 method=jdk.internal.org.objectweb.asm.ByteVector.putUTF8(Ljava/lang/String;)Ljdk/internal/org/objectweb/asm/ByteVector; @ 79 c2
Event: 0.393 Thread 0x000002b5fcf69000 Uncommon trap: reason=profile_predicate action=maybe_recompile pc=0x000002b58fe054f8 method=jdk.internal.org.objectweb.asm.ByteVector.putUTF8(Ljava/lang/String;)Ljdk/internal/org/objectweb/asm/ByteVector; @ 79 c2

Classes redefined (0 events):
No events

Internal exceptions (10 events):
Event: 0.592 Thread 0x000002b5fcf69000 Exception <a 'java/lang/NoSuchMethodError'{0x0000000089c76ba0}: java.lang.invoke.DirectMethodHandle$Holder.invokeStatic(Ljava/lang/Object;ILjava/lang/Object;Ljava/lang/Object;Ljava/lang/Object;Ljava/lang/Object;)Ljava/lang/Object;> (0x0000000089c76ba0) th
Event: 0.592 Thread 0x000002b5fcf69000 Exception <a 'java/lang/NoSuchMethodError'{0x0000000089c7d7d0}: java.lang.invoke.DirectMethodHandle$Holder.invokeStatic(Ljava/lang/Object;ILjava/lang/Object;Ljava/lang/Object;Ljava/lang/Object;)Ljava/lang/Object;> (0x0000000089c7d7d0) thrown at [t:/worksp
Event: 0.593 Thread 0x000002b5fcf69000 Exception <a 'java/lang/NoSuchMethodError'{0x0000000089c81030}: java.lang.invoke.DirectMethodHandle$Holder.invokeSpecial(Ljava/lang/Object;Ljava/lang/Object;ILjava/lang/Object;Ljava/lang/Object;Ljava/lang/Object;)Ljava/lang/Object;> (0x0000000089c81030) t
Event: 0.597 Thread 0x000002b5fcf69000 Exception <a 'java/lang/NoSuchMethodError'{0x0000000089c97608}: java.lang.invoke.DirectMethodHandle$Holder.invokeStatic(Ljava/lang/Object;ILjava/lang/Object;)Ljava/lang/Object;> (0x0000000089c97608) thrown at [t:/workspace/open/src/hotspot/share/interpret
Event: 0.620 Thread 0x000002b5fcf69000 Exception <a 'java/lang/ClassNotFoundException'{0x0000000089b3b5e0}: com/sun/swing/internal/plaf/metal/resources/spi/metalProvider> (0x0000000089b3b5e0) thrown at [t:/workspace/open/src/hotspot/share/classfile/systemDictionary.cpp, line 235]
Event: 0.621 Thread 0x000002b5fcf69000 Exception <a 'java/lang/ClassNotFoundException'{0x0000000089b3f7d8}: com/sun/swing/internal/plaf/basic/resources/spi/basicProvider> (0x0000000089b3f7d8) thrown at [t:/workspace/open/src/hotspot/share/classfile/systemDictionary.cpp, line 235]
Event: 0.685 Thread 0x000002b5fcf69000 Exception <a 'java/lang/NoSuchMethodError'{0x0000000089bb6a40}: java.lang.invoke.DirectMethodHandle$Holder.invokeStaticInit(Ljava/lang/Object;)V> (0x0000000089bb6a40) thrown at [t:/workspace/open/src/hotspot/share/interpreter/linkResolver.cpp, line 777]
Event: 0.703 Thread 0x000002b5fcf69000 Exception <a 'java/io/FileNotFoundException'{0x0000000089bc31b0}> (0x0000000089bc31b0) thrown at [t:/workspace/open/src/hotspot/share/prims/jni.cpp, line 615]
Event: 0.703 Thread 0x000002b5fcf69000 Exception <a 'java/lang/NullPointerException'{0x0000000089bc3a98}> (0x0000000089bc3a98) thrown at [t:/workspace/open/src/hotspot/share/interpreter/linkResolver.cpp, line 1356]
Event: 0.742 Thread 0x000002b5fcf69000 Exception <a 'java/lang/NoSuchMethodError'{0x0000000089a6e9b0}: java.lang.invoke.Invokers$Holder.linkToTargetMethod(Ljava/lang/Object;ILjava/lang/Object;)Ljava/lang/Object;> (0x0000000089a6e9b0) thrown at [t:/workspace/open/src/hotspot/share/interpreter/l

Events (10 events):
Event: 0.816 loading class sun/font/FontDesignMetrics$MetricsKey
Event: 0.816 loading class sun/font/FontDesignMetrics$MetricsKey done
Event: 0.816 loading class java/lang/CharacterData00
Event: 0.817 loading class java/lang/CharacterData00 done
Event: 0.818 Executing VM operation: RevokeBias
Event: 0.818 Executing VM operation: RevokeBias done
Event: 0.819 loading class sun/font/SunFontManager$FamilyDescription
Event: 0.819 loading class sun/font/SunFontManager$FamilyDescription done
Event: 0.820 Executing VM operation: RevokeBias
Event: 0.820 Executing VM operation: RevokeBias done


Dynamic libraries:
0x00007ff697c00000 - 0x00007ff697c0f000 	C:\Program Files\Java\jdk-12.0.2\bin\javaw.exe
0x00007ffaab1c0000 - 0x00007ffaab3b0000 	C:\WINDOWS\SYSTEM32\ntdll.dll
0x00007ffaa98b0000 - 0x00007ffaa9962000 	C:\WINDOWS\System32\KERNEL32.DLL
0x00007ffaa8420000 - 0x00007ffaa86c5000 	C:\WINDOWS\System32\KERNELBASE.dll
0x00007ffaa8320000 - 0x00007ffaa841a000 	C:\WINDOWS\System32\ucrtbase.dll
0x00007ffaa1800000 - 0x00007ffaa1818000 	C:\Program Files\Java\jdk-12.0.2\bin\jli.dll
0x00007ffaa0e90000 - 0x00007ffaa0ea6000 	C:\Program Files\Java\jdk-12.0.2\bin\VCRUNTIME140.dll
0x00007ffaaa0f0000 - 0x00007ffaaa193000 	C:\WINDOWS\System32\ADVAPI32.dll
0x00007ffaa9b60000 - 0x00007ffaa9bfe000 	C:\WINDOWS\System32\msvcrt.dll
0x00007ffaa9970000 - 0x00007ffaa9a07000 	C:\WINDOWS\System32\sechost.dll
0x00007ffaaa610000 - 0x00007ffaaa730000 	C:\WINDOWS\System32\RPCRT4.dll
0x00007ffaa92d0000 - 0x00007ffaa9464000 	C:\WINDOWS\System32\USER32.dll
0x00007ffaa88b0000 - 0x00007ffaa88d1000 	C:\WINDOWS\System32\win32u.dll
0x00007ffaaa730000 - 0x00007ffaaa756000 	C:\WINDOWS\System32\GDI32.dll
0x00007ffaa88e0000 - 0x00007ffaa8a76000 	C:\WINDOWS\System32\gdi32full.dll
0x00007ffaa81e0000 - 0x00007ffaa827e000 	C:\WINDOWS\System32\msvcp_win.dll
0x00007ffa98a70000 - 0x00007ffa98cf4000 	C:\WINDOWS\WinSxS\amd64_microsoft.windows.common-controls_6595b64144ccf1df_6.0.18362.1256_none_9e7e379be45e40e2\COMCTL32.dll
0x00007ffaa9db0000 - 0x00007ffaaa0e6000 	C:\WINDOWS\System32\combase.dll
0x00007ffaa86d0000 - 0x00007ffaa8751000 	C:\WINDOWS\System32\bcryptPrimitives.dll
0x00007ffa9a8a0000 - 0x00007ffa9a8aa000 	C:\WINDOWS\SYSTEM32\VERSION.dll
0x00007ffaab080000 - 0x00007ffaab0ae000 	C:\WINDOWS\System32\IMM32.DLL
0x00007ffa72d90000 - 0x00007ffa72e3a000 	C:\Program Files\Java\jdk-12.0.2\bin\msvcp140.dll
0x00007ffa47c80000 - 0x00007ffa487f7000 	C:\Program Files\Java\jdk-12.0.2\bin\server\jvm.dll
0x00007ffaaaf80000 - 0x00007ffaaaf88000 	C:\WINDOWS\System32\PSAPI.DLL
0x00007ffa98e80000 - 0x00007ffa98e89000 	C:\WINDOWS\SYSTEM32\WSOCK32.dll
0x00007ffaa46c0000 - 0x00007ffaa46e4000 	C:\WINDOWS\SYSTEM32\WINMM.dll
0x00007ffaa9af0000 - 0x00007ffaa9b5f000 	C:\WINDOWS\System32\WS2_32.dll
0x00007ffaa4690000 - 0x00007ffaa46bd000 	C:\WINDOWS\SYSTEM32\WINMMBASE.dll
0x00007ffaa82a0000 - 0x00007ffaa82ea000 	C:\WINDOWS\System32\cfgmgr32.dll
0x00007ffaa8090000 - 0x00007ffaa80a1000 	C:\WINDOWS\System32\kernel.appcore.dll
0x00007ffaa0e70000 - 0x00007ffaa0e81000 	C:\Program Files\Java\jdk-12.0.2\bin\verify.dll
0x00007ffaa6960000 - 0x00007ffaa6b54000 	C:\WINDOWS\SYSTEM32\DBGHELP.DLL
0x00007ffa96760000 - 0x00007ffa9678a000 	C:\WINDOWS\SYSTEM32\dbgcore.DLL
0x00007ffa8e930000 - 0x00007ffa8e956000 	C:\Program Files\Java\jdk-12.0.2\bin\java.dll
0x00007ffa8dc70000 - 0x00007ffa8dc87000 	C:\Program Files\Java\jdk-12.0.2\bin\zip.dll
0x00007ffaa4020000 - 0x00007ffaa402a000 	C:\Program Files\Java\jdk-12.0.2\bin\jimage.dll
0x00007ffaaa890000 - 0x00007ffaaaf77000 	C:\WINDOWS\System32\SHELL32.dll
0x00007ffaa95d0000 - 0x00007ffaa9679000 	C:\WINDOWS\System32\shcore.dll
0x00007ffaa8a80000 - 0x00007ffaa9201000 	C:\WINDOWS\System32\windows.storage.dll
0x00007ffaa8100000 - 0x00007ffaa8123000 	C:\WINDOWS\System32\profapi.dll
0x00007ffaa80b0000 - 0x00007ffaa80fa000 	C:\WINDOWS\System32\powrprof.dll
0x00007ffaa8060000 - 0x00007ffaa8070000 	C:\WINDOWS\System32\UMPDC.dll
0x00007ffaaa760000 - 0x00007ffaaa7b2000 	C:\WINDOWS\System32\shlwapi.dll
0x00007ffaa8280000 - 0x00007ffaa8297000 	C:\WINDOWS\System32\cryptsp.dll
0x00007ffa65040000 - 0x00007ffa651df000 	C:\Program Files\Java\jdk-12.0.2\bin\awt.dll
0x00007ffaa9a20000 - 0x00007ffaa9ae5000 	C:\WINDOWS\System32\OLEAUT32.dll
0x00007ffaa4860000 - 0x00007ffaa4e20000 	C:\WINDOWS\SYSTEM32\d2d1.dll
0x00007ffaa5d60000 - 0x00007ffaa5def000 	C:\WINDOWS\SYSTEM32\apphelp.dll
0x00007ffaa6440000 - 0x00007ffaa646d000 	C:\WINDOWS\system32\DWMAPI.DLL
0x00007ffaa6010000 - 0x00007ffaa60a9000 	C:\WINDOWS\system32\uxtheme.dll
0x00007ffa839c0000 - 0x00007ffa83b16000 	C:\WINDOWS\system32\opengl32.dll
0x00007ffa8b250000 - 0x00007ffa8b27c000 	C:\WINDOWS\SYSTEM32\GLU32.dll
0x00007ffaa6ca0000 - 0x00007ffaa6cc0000 	C:\WINDOWS\SYSTEM32\dxcore.dll
0x00007ffaa9680000 - 0x00007ffaa97b5000 	C:\WINDOWS\System32\MSCTF.dll
0x0000000180000000 - 0x0000000180040000 	C:\Program Files\Fasoo DRM\f_nxa.dll
0x0000000061000000 - 0x00000000611d7000 	C:\Program Files\Fasoo DRM\f_sps.dll
0x00007ffaa9470000 - 0x00007ffaa95c7000 	C:\WINDOWS\System32\ole32.dll
0x00007ffaa70a0000 - 0x00007ffaa70d1000 	C:\WINDOWS\SYSTEM32\ntmarta.dll
0x00007ffa9a5a0000 - 0x00007ffa9a5a7000 	C:\WINDOWS\SYSTEM32\msimg32.dll
0x00007ffa987d0000 - 0x00007ffa98859000 	C:\WINDOWS\SYSTEM32\winspool.drv
0x00007ffaa82f0000 - 0x00007ffaa8316000 	C:\WINDOWS\System32\bcrypt.dll
0x00007ffaa5df0000 - 0x00007ffaa5ee0000 	C:\WINDOWS\SYSTEM32\PROPSYS.dll
0x00007ffaa7560000 - 0x00007ffaa759a000 	C:\WINDOWS\SYSTEM32\IPHLPAPI.DLL
0x00007ffaa4490000 - 0x00007ffaa44a3000 	C:\WINDOWS\SYSTEM32\wtsapi32.dll
0x00007ffa7bff0000 - 0x00007ffa7c070000 	C:\Program Files\Java\jdk-12.0.2\bin\freetype.dll
0x00007ffa72b20000 - 0x00007ffa72bcb000 	C:\Program Files\Java\jdk-12.0.2\bin\fontmanager.dll
0x00007ffa9a800000 - 0x00007ffa9a89e000 	C:\WINDOWS\System32\TextInputFramework.dll
0x00007ffaa2c20000 - 0x00007ffaa2f4a000 	C:\WINDOWS\System32\CoreUIComponents.dll
0x00007ffaa5b80000 - 0x00007ffaa5c54000 	C:\WINDOWS\System32\CoreMessaging.dll
0x00007ffaa37c0000 - 0x00007ffaa3913000 	C:\WINDOWS\SYSTEM32\wintypes.dll

dbghelp: loaded successfully - version: 4.0.5 - missing functions: none
symbol engine: initialized successfully - sym options: 0x614 - pdb path: .;C:\Program Files\Java\jdk-12.0.2\bin;C:\WINDOWS\SYSTEM32;C:\WINDOWS\WinSxS\amd64_microsoft.windows.common-controls_6595b64144ccf1df_6.0.18362.1256_none_9e7e379be45e40e2;C:\Program Files\Java\jdk-12.0.2\bin\server;C:\Program Files\Fasoo DRM

VM Arguments:
jvm_args: -Dfile.encoding=UTF-8 
java_command: SelectSeatUIFrame
java_class_path (initial): C:\Users\9993e\Desktop\계절학기\3학년 2학기 겨울\팀플코드\새 폴더\OOP_FilghtReservation\AirlineBooking\bin
Launcher Type: SUN_STANDARD

[Global flags]
     intx CICompilerCount                          = 3                                         {product} {ergonomic}
     uint ConcGCThreads                            = 1                                         {product} {ergonomic}
     uint G1ConcRefinementThreads                  = 4                                         {product} {ergonomic}
   size_t G1HeapRegionSize                         = 1048576                                   {product} {ergonomic}
    uintx GCDrainStackTargetSize                   = 64                                        {product} {ergonomic}
   size_t InitialHeapSize                          = 132120576                                 {product} {ergonomic}
   size_t MarkStackSize                            = 4194304                                   {product} {ergonomic}
   size_t MaxHeapSize                              = 2111832064                                {product} {ergonomic}
   size_t MaxNewSize                               = 1266679808                                {product} {ergonomic}
   size_t MinHeapDeltaBytes                        = 1048576                                   {product} {ergonomic}
    uintx NonNMethodCodeHeapSize                   = 5830732                                {pd product} {ergonomic}
    uintx NonProfiledCodeHeapSize                  = 122913754                              {pd product} {ergonomic}
    uintx ProfiledCodeHeapSize                     = 122913754                              {pd product} {ergonomic}
    uintx ReservedCodeCacheSize                    = 251658240                              {pd product} {ergonomic}
     bool SegmentedCodeCache                       = true                                      {product} {ergonomic}
     bool UseCompressedClassPointers               = true                                 {lp64_product} {ergonomic}
     bool UseCompressedOops                        = true                                 {lp64_product} {ergonomic}
     bool UseG1GC                                  = true                                      {product} {ergonomic}
     bool UseLargePagesIndividualAllocation        = false                                  {pd product} {ergonomic}

Logging:
Log output configuration:
 #0: stdout all=warning uptime,level,tags
 #1: stderr all=off uptime,level,tags

Environment Variables:
JAVA_HOME=C:\Program Files\Java\jdk-12.0.2
CLASSPATH=C:\Program Files\Java\jdk-12.0.2\lib
PATH=C:/Program Files/Java/jre1.8.0_251/bin/server;C:/Program Files/Java/jre1.8.0_251/bin;C:/Program Files/Java/jre1.8.0_251/lib/amd64;C:\Program Files (x86)\Common Files\Oracle\Java\javapath;C:\Program Files\Python36\Scripts\;C:\Program Files\Python36\;C:\Program Files (x86)\Intel\iCLS Client\;C:\Program Files\Intel\iCLS Client\;C:\WINDOWS\system32;C:\WINDOWS;C:\WINDOWS\System32\Wbem;C:\WINDOWS\System32\WindowsPowerShell\v1.0\;C:\Program Files (x86)\Intel\Intel(R) Management Engine Components\DAL;C:\Program Files\Intel\Intel(R) Management Engine Components\DAL;C:\Program Files (x86)\Intel\Intel(R) Management Engine Components\IPT;C:\Program Files\Intel\Intel(R) Management Engine Components\IPT;C:\WINDOWS\System32\OpenSSH\;C:\Program Files\nodejs\;C:\Program Files\Git\cmd;C:\Users\9993e\AppData\Local\Programs\Python\Python36\Scripts\;C:\Users\9993e\AppData\Local\Programs\Python\Python36\;C:\Users\9993e\AppData\Local\Microsoft\WindowsApps;C:\Users\9993e\AppData\Local\atom\bin;C:\Program Files\Java\jdk-12.0.2\bin;C:\Users\9993e\AppData\Local\Microsoft\WindowsApps;C:\Users\9993e\AppData\Roaming\npm;C:\Users\9993e\Desktop;
USERNAME=BELLO
OS=Windows_NT
PROCESSOR_IDENTIFIER=Intel64 Family 6 Model 142 Stepping 9, GenuineIntel



---------------  S Y S T E M  ---------------

OS: Windows 10 , 64 bit Build 18362 (10.0.18362.1110)

CPU:total 4 (initial active 4) (2 cores per cpu, 2 threads per core) family 6 model 142 stepping 9, cmov, cx8, fxsr, mmx, sse, sse2, sse3, ssse3, sse4.1, sse4.2, popcnt, avx, avx2, aes, clmul, erms, 3dnowpref, lzcnt, ht, tsc, tscinvbit, bmi1, bmi2, adx, fma

Memory: 4k page, system-wide physical 8051M (709M free)
TotalPageFile size 32627M (AvailPageFile size 38M)
current process WorkingSet (physical memory assigned to process): 62M, peak: 62M
current process commit charge ("private bytes"): 209M, peak: 209M

vm_info: Java HotSpot(TM) 64-Bit Server VM (12.0.2+10) for windows-amd64 JRE (12.0.2+10), built on Jul 16 2019 01:56:17 by "mach5one" with MS VC++ 15.5 (VS2017)

END.
