#
# There is insufficient memory for the Java Runtime Environment to continue.
# Native memory allocation (malloc) failed to allocate 594096 bytes for Chunk::new
# Possible reasons:
#   The system is out of physical RAM or swap space
#   The process is running with CompressedOops enabled, and the Java Heap may be blocking the growth of the native heap
# Possible solutions:
#   Reduce memory load on the system
#   Increase physical memory or swap space
#   Check if swap backing store is full
#   Decrease Java heap size (-Xmx/-Xms)
#   Decrease number of Java threads
#   Decrease Java thread stack sizes (-Xss)
#   Set larger code cache with -XX:ReservedCodeCacheSize=
#   JVM is running with Zero Based Compressed Oops mode in which the Java heap is
#     placed in the first 32GB address space. The Java Heap base address is the
#     maximum limit for the native heap growth. Please use -XX:HeapBaseMinAddress
#     to set the Java Heap base and to place the Java Heap above 32GB virtual address.
# This output file may be truncated or incomplete.
#
#  Out of Memory Error (t:/workspace/open/src/hotspot/share/memory/arena.cpp:197), pid=45824, tid=38840
#
# JRE version: Java(TM) SE Runtime Environment (12.0.2+10) (build 12.0.2+10)
# Java VM: Java HotSpot(TM) 64-Bit Server VM (12.0.2+10, mixed mode, sharing, tiered, compressed oops, g1 gc, windows-amd64)
# No core dump will be written. Minidumps are not enabled by default on client versions of Windows
#

---------------  S U M M A R Y ------------

Command Line: -Dfile.encoding=UTF-8 SelectSeatUIFrame

Host: Intel(R) Core(TM) i5-8250U CPU @ 1.60GHz, 8 cores, 11G,  Windows 10 , 64 bit Build 18362 (10.0.18362.1110)
Time: Sat Dec 26 17:42:41 2020 ¢•eCN©ˆI°æ©ˆ C°ÕA®™®ˆA elapsed time: 2 seconds (0d 0h 0m 2s)

---------------  T H R E A D  ---------------

Current thread (0x000001ebdbeaf800):  JavaThread "C2 CompilerThread1" daemon [_thread_in_native, id=38840, stack(0x000000d859d00000,0x000000d859e00000)]


Current CompileTask:
C2:   2837 1050       4       sun.font.TrueTypeFont::initAllNames (179 bytes)

Stack: [0x000000d859d00000,0x000000d859e00000]
Native frames: (J=compiled Java code, j=interpreted, Vv=VM code, C=native code)
V  [jvm.dll+0x63aa2a]
V  [jvm.dll+0x78ce1e]
V  [jvm.dll+0x78e4c1]
V  [jvm.dll+0x78eb13]
V  [jvm.dll+0x2627e8]
V  [jvm.dll+0xc55cc]
V  [jvm.dll+0xc5b4c]
V  [jvm.dll+0x2d4034]
V  [jvm.dll+0x5569ad]
V  [jvm.dll+0x21d9cc]
V  [jvm.dll+0x21b2b6]
V  [jvm.dll+0x199a20]
V  [jvm.dll+0x22a744]
V  [jvm.dll+0x228d98]
V  [jvm.dll+0x7512a0]
V  [jvm.dll+0x74a2c8]
V  [jvm.dll+0x639b16]
C  [ucrtbase.dll+0x210b2]
C  [KERNEL32.DLL+0x17c24]
C  [ntdll.dll+0x6d4d1]


---------------  P R O C E S S  ---------------

Threads class SMR info:
_java_thread_list=0x000001ebda774770, length=15, elements={
0x000001ebd9929800, 0x000001ebd992b000, 0x000001ebda148000, 0x000001ebda149000,
0x000001ebda14b800, 0x000001ebda1b4800, 0x000001ebda1ba000, 0x000001ebda29a000,
0x000001ebda2a4000, 0x000001ebda6b7000, 0x000001ebda6ba800, 0x000001ebda4f9000,
0x000001ebda735800, 0x000001ebb86e7800, 0x000001ebdbeaf800
}

Java Threads: ( => current thread )
  0x000001ebd9929800 JavaThread "Reference Handler" daemon [_thread_blocked, id=33512, stack(0x000000d858f00000,0x000000d859000000)]
  0x000001ebd992b000 JavaThread "Finalizer" daemon [_thread_blocked, id=33540, stack(0x000000d859000000,0x000000d859100000)]
  0x000001ebda148000 JavaThread "Signal Dispatcher" daemon [_thread_blocked, id=10500, stack(0x000000d859100000,0x000000d859200000)]
  0x000001ebda149000 JavaThread "Attach Listener" daemon [_thread_blocked, id=50876, stack(0x000000d859200000,0x000000d859300000)]
  0x000001ebda14b800 JavaThread "C2 CompilerThread0" daemon [_thread_in_native, id=11720, stack(0x000000d859300000,0x000000d859400000)]
  0x000001ebda1b4800 JavaThread "C1 CompilerThread0" daemon [_thread_blocked, id=45880, stack(0x000000d859400000,0x000000d859500000)]
  0x000001ebda1ba000 JavaThread "Sweeper thread" daemon [_thread_blocked, id=16532, stack(0x000000d859500000,0x000000d859600000)]
  0x000001ebda29a000 JavaThread "Service Thread" daemon [_thread_blocked, id=22024, stack(0x000000d859600000,0x000000d859700000)]
  0x000001ebda2a4000 JavaThread "Common-Cleaner" daemon [_thread_blocked, id=27936, stack(0x000000d859800000,0x000000d859900000)]
  0x000001ebda6b7000 JavaThread "Java2D Disposer" daemon [_thread_blocked, id=11852, stack(0x000000d859900000,0x000000d859a00000)]
  0x000001ebda6ba800 JavaThread "AWT-Shutdown" [_thread_blocked, id=41128, stack(0x000000d859a00000,0x000000d859b00000)]
  0x000001ebda4f9000 JavaThread "AWT-Windows" daemon [_thread_in_native, id=47844, stack(0x000000d859b00000,0x000000d859c00000)]
  0x000001ebda735800 JavaThread "AWT-EventQueue-0" [_thread_blocked, id=42528, stack(0x000000d859c00000,0x000000d859d00000)]
  0x000001ebb86e7800 JavaThread "DestroyJavaVM" [_thread_blocked, id=32680, stack(0x000000d858800000,0x000000d858900000)]
=>0x000001ebdbeaf800 JavaThread "C2 CompilerThread1" daemon [_thread_in_native, id=38840, stack(0x000000d859d00000,0x000000d859e00000)]

Other Threads:
  0x000001ebd9928000 VMThread "VM Thread" [stack: 0x000000d858e00000,0x000000d858f00000] [id=39772]
  0x000001ebda2a3800 WatcherThread [stack: 0x000000d859700000,0x000000d859800000] [id=42108]
  0x000001ebb8738800 GCTaskThread "GC Thread#0" [stack: 0x000000d858900000,0x000000d858a00000] [id=47372]
  0x000001ebb874f800 ConcurrentGCThread "G1 Main Marker" [stack: 0x000000d858a00000,0x000000d858b00000] [id=50240]
  0x000001ebb8752000 ConcurrentGCThread "G1 Conc#0" [stack: 0x000000d858b00000,0x000000d858c00000] [id=18716]
  0x000001ebd97a2800 ConcurrentGCThread "G1 Refine#0" [stack: 0x000000d858c00000,0x000000d858d00000] [id=13848]
  0x000001ebd97a3800 ConcurrentGCThread "G1 Young RemSet Sampling" [stack: 0x000000d858d00000,0x000000d858e00000] [id=12316]

Threads with active compile tasks:
C2 CompilerThread0  1047   !   4       sun.font.TrueTypeFont::getTableBuffer (199 bytes)
C2 CompilerThread1  1050       4       sun.font.TrueTypeFont::initAllNames (179 bytes)

VM state:not at safepoint (normal execution)

VM Mutex/Monitor currently owned by a thread: None

Heap address: 0x0000000742800000, size: 3032 MB, Compressed Oops mode: Zero based, Oop shift amount: 3
Narrow klass base: 0x0000000800000000, Narrow klass shift: 3
Compressed class space size: 1073741824 Address: 0x0000000801190000

Heap:
 garbage-first heap   total 194560K, used 18432K [0x0000000742800000, 0x0000000800000000)
  region size 1024K, 17 young (17408K), 0 survivors (0K)
 Metaspace       used 7078K, capacity 7400K, committed 7680K, reserved 1056768K
  class space    used 783K, capacity 943K, committed 1024K, reserved 1048576K
Heap Regions: E=young(eden), S=young(survivor), O=old, HS=humongous(starts), HC=humongous(continues), CS=collection set, F=free, A=archive, TAMS=top-at-mark-start (previous, next)
|   0|0x0000000742800000, 0x0000000742900000, 0x0000000742900000|100%|HS|  |TAMS 0x0000000742800000, 0x0000000742800000| Complete 
|   1|0x0000000742900000, 0x0000000742a00000, 0x0000000742a00000|100%|HC|  |TAMS 0x0000000742900000, 0x0000000742900000| Complete 
|   2|0x0000000742a00000, 0x0000000742b00000, 0x0000000742b00000|100%|HC|  |TAMS 0x0000000742a00000, 0x0000000742a00000| Complete 
|   3|0x0000000742b00000, 0x0000000742b00000, 0x0000000742c00000|  0%| F|  |TAMS 0x0000000742b00000, 0x0000000742b00000| Untracked 
|   4|0x0000000742c00000, 0x0000000742c00000, 0x0000000742d00000|  0%| F|  |TAMS 0x0000000742c00000, 0x0000000742c00000| Untracked 
|   5|0x0000000742d00000, 0x0000000742d00000, 0x0000000742e00000|  0%| F|  |TAMS 0x0000000742d00000, 0x0000000742d00000| Untracked 
|   6|0x0000000742e00000, 0x0000000742e00000, 0x0000000742f00000|  0%| F|  |TAMS 0x0000000742e00000, 0x0000000742e00000| Untracked 
|   7|0x0000000742f00000, 0x0000000742f00000, 0x0000000743000000|  0%| F|  |TAMS 0x0000000742f00000, 0x0000000742f00000| Untracked 
|   8|0x0000000743000000, 0x0000000743000000, 0x0000000743100000|  0%| F|  |TAMS 0x0000000743000000, 0x0000000743000000| Untracked 
|   9|0x0000000743100000, 0x0000000743100000, 0x0000000743200000|  0%| F|  |TAMS 0x0000000743100000, 0x0000000743100000| Untracked 
|  10|0x0000000743200000, 0x0000000743200000, 0x0000000743300000|  0%| F|  |TAMS 0x0000000743200000, 0x0000000743200000| Untracked 
|  11|0x0000000743300000, 0x0000000743300000, 0x0000000743400000|  0%| F|  |TAMS 0x0000000743300000, 0x0000000743300000| Untracked 
|  12|0x0000000743400000, 0x0000000743400000, 0x0000000743500000|  0%| F|  |TAMS 0x0000000743400000, 0x0000000743400000| Untracked 
|  13|0x0000000743500000, 0x0000000743500000, 0x0000000743600000|  0%| F|  |TAMS 0x0000000743500000, 0x0000000743500000| Untracked 
|  14|0x0000000743600000, 0x0000000743600000, 0x0000000743700000|  0%| F|  |TAMS 0x0000000743600000, 0x0000000743600000| Untracked 
|  15|0x0000000743700000, 0x0000000743700000, 0x0000000743800000|  0%| F|  |TAMS 0x0000000743700000, 0x0000000743700000| Untracked 
|  16|0x0000000743800000, 0x0000000743800000, 0x0000000743900000|  0%| F|  |TAMS 0x0000000743800000, 0x0000000743800000| Untracked 
|  17|0x0000000743900000, 0x0000000743900000, 0x0000000743a00000|  0%| F|  |TAMS 0x0000000743900000, 0x0000000743900000| Untracked 
|  18|0x0000000743a00000, 0x0000000743a00000, 0x0000000743b00000|  0%| F|  |TAMS 0x0000000743a00000, 0x0000000743a00000| Untracked 
|  19|0x0000000743b00000, 0x0000000743b00000, 0x0000000743c00000|  0%| F|  |TAMS 0x0000000743b00000, 0x0000000743b00000| Untracked 
|  20|0x0000000743c00000, 0x0000000743c00000, 0x0000000743d00000|  0%| F|  |TAMS 0x0000000743c00000, 0x0000000743c00000| Untracked 
|  21|0x0000000743d00000, 0x0000000743d00000, 0x0000000743e00000|  0%| F|  |TAMS 0x0000000743d00000, 0x0000000743d00000| Untracked 
|  22|0x0000000743e00000, 0x0000000743e00000, 0x0000000743f00000|  0%| F|  |TAMS 0x0000000743e00000, 0x0000000743e00000| Untracked 
|  23|0x0000000743f00000, 0x0000000743f00000, 0x0000000744000000|  0%| F|  |TAMS 0x0000000743f00000, 0x0000000743f00000| Untracked 
|  24|0x0000000744000000, 0x0000000744000000, 0x0000000744100000|  0%| F|  |TAMS 0x0000000744000000, 0x0000000744000000| Untracked 
|  25|0x0000000744100000, 0x0000000744100000, 0x0000000744200000|  0%| F|  |TAMS 0x0000000744100000, 0x0000000744100000| Untracked 
|  26|0x0000000744200000, 0x0000000744200000, 0x0000000744300000|  0%| F|  |TAMS 0x0000000744200000, 0x0000000744200000| Untracked 
|  27|0x0000000744300000, 0x0000000744300000, 0x0000000744400000|  0%| F|  |TAMS 0x0000000744300000, 0x0000000744300000| Untracked 
|  28|0x0000000744400000, 0x0000000744400000, 0x0000000744500000|  0%| F|  |TAMS 0x0000000744400000, 0x0000000744400000| Untracked 
|  29|0x0000000744500000, 0x0000000744500000, 0x0000000744600000|  0%| F|  |TAMS 0x0000000744500000, 0x0000000744500000| Untracked 
|  30|0x0000000744600000, 0x0000000744600000, 0x0000000744700000|  0%| F|  |TAMS 0x0000000744600000, 0x0000000744600000| Untracked 
|  31|0x0000000744700000, 0x0000000744700000, 0x0000000744800000|  0%| F|  |TAMS 0x0000000744700000, 0x0000000744700000| Untracked 
|  32|0x0000000744800000, 0x0000000744800000, 0x0000000744900000|  0%| F|  |TAMS 0x0000000744800000, 0x0000000744800000| Untracked 
|  33|0x0000000744900000, 0x0000000744900000, 0x0000000744a00000|  0%| F|  |TAMS 0x0000000744900000, 0x0000000744900000| Untracked 
|  34|0x0000000744a00000, 0x0000000744a00000, 0x0000000744b00000|  0%| F|  |TAMS 0x0000000744a00000, 0x0000000744a00000| Untracked 
|  35|0x0000000744b00000, 0x0000000744b00000, 0x0000000744c00000|  0%| F|  |TAMS 0x0000000744b00000, 0x0000000744b00000| Untracked 
|  36|0x0000000744c00000, 0x0000000744c00000, 0x0000000744d00000|  0%| F|  |TAMS 0x0000000744c00000, 0x0000000744c00000| Untracked 
|  37|0x0000000744d00000, 0x0000000744d00000, 0x0000000744e00000|  0%| F|  |TAMS 0x0000000744d00000, 0x0000000744d00000| Untracked 
|  38|0x0000000744e00000, 0x0000000744e00000, 0x0000000744f00000|  0%| F|  |TAMS 0x0000000744e00000, 0x0000000744e00000| Untracked 
|  39|0x0000000744f00000, 0x0000000744f00000, 0x0000000745000000|  0%| F|  |TAMS 0x0000000744f00000, 0x0000000744f00000| Untracked 
|  40|0x0000000745000000, 0x0000000745000000, 0x0000000745100000|  0%| F|  |TAMS 0x0000000745000000, 0x0000000745000000| Untracked 
|  41|0x0000000745100000, 0x0000000745100000, 0x0000000745200000|  0%| F|  |TAMS 0x0000000745100000, 0x0000000745100000| Untracked 
|  42|0x0000000745200000, 0x0000000745200000, 0x0000000745300000|  0%| F|  |TAMS 0x0000000745200000, 0x0000000745200000| Untracked 
|  43|0x0000000745300000, 0x0000000745300000, 0x0000000745400000|  0%| F|  |TAMS 0x0000000745300000, 0x0000000745300000| Untracked 
|  44|0x0000000745400000, 0x0000000745400000, 0x0000000745500000|  0%| F|  |TAMS 0x0000000745400000, 0x0000000745400000| Untracked 
|  45|0x0000000745500000, 0x0000000745500000, 0x0000000745600000|  0%| F|  |TAMS 0x0000000745500000, 0x0000000745500000| Untracked 
|  46|0x0000000745600000, 0x0000000745600000, 0x0000000745700000|  0%| F|  |TAMS 0x0000000745600000, 0x0000000745600000| Untracked 
|  47|0x0000000745700000, 0x0000000745700000, 0x0000000745800000|  0%| F|  |TAMS 0x0000000745700000, 0x0000000745700000| Untracked 
|  48|0x0000000745800000, 0x0000000745800000, 0x0000000745900000|  0%| F|  |TAMS 0x0000000745800000, 0x0000000745800000| Untracked 
|  49|0x0000000745900000, 0x0000000745900000, 0x0000000745a00000|  0%| F|  |TAMS 0x0000000745900000, 0x0000000745900000| Untracked 
|  50|0x0000000745a00000, 0x0000000745a00000, 0x0000000745b00000|  0%| F|  |TAMS 0x0000000745a00000, 0x0000000745a00000| Untracked 
|  51|0x0000000745b00000, 0x0000000745b00000, 0x0000000745c00000|  0%| F|  |TAMS 0x0000000745b00000, 0x0000000745b00000| Untracked 
|  52|0x0000000745c00000, 0x0000000745c00000, 0x0000000745d00000|  0%| F|  |TAMS 0x0000000745c00000, 0x0000000745c00000| Untracked 
|  53|0x0000000745d00000, 0x0000000745d00000, 0x0000000745e00000|  0%| F|  |TAMS 0x0000000745d00000, 0x0000000745d00000| Untracked 
|  54|0x0000000745e00000, 0x0000000745e00000, 0x0000000745f00000|  0%| F|  |TAMS 0x0000000745e00000, 0x0000000745e00000| Untracked 
|  55|0x0000000745f00000, 0x0000000745f00000, 0x0000000746000000|  0%| F|  |TAMS 0x0000000745f00000, 0x0000000745f00000| Untracked 
|  56|0x0000000746000000, 0x0000000746000000, 0x0000000746100000|  0%| F|  |TAMS 0x0000000746000000, 0x0000000746000000| Untracked 
|  57|0x0000000746100000, 0x0000000746100000, 0x0000000746200000|  0%| F|  |TAMS 0x0000000746100000, 0x0000000746100000| Untracked 
|  58|0x0000000746200000, 0x0000000746200000, 0x0000000746300000|  0%| F|  |TAMS 0x0000000746200000, 0x0000000746200000| Untracked 
|  59|0x0000000746300000, 0x0000000746300000, 0x0000000746400000|  0%| F|  |TAMS 0x0000000746300000, 0x0000000746300000| Untracked 
|  60|0x0000000746400000, 0x0000000746400000, 0x0000000746500000|  0%| F|  |TAMS 0x0000000746400000, 0x0000000746400000| Untracked 
|  61|0x0000000746500000, 0x0000000746500000, 0x0000000746600000|  0%| F|  |TAMS 0x0000000746500000, 0x0000000746500000| Untracked 
|  62|0x0000000746600000, 0x0000000746600000, 0x0000000746700000|  0%| F|  |TAMS 0x0000000746600000, 0x0000000746600000| Untracked 
|  63|0x0000000746700000, 0x0000000746700000, 0x0000000746800000|  0%| F|  |TAMS 0x0000000746700000, 0x0000000746700000| Untracked 
|  64|0x0000000746800000, 0x0000000746800000, 0x0000000746900000|  0%| F|  |TAMS 0x0000000746800000, 0x0000000746800000| Untracked 
|  65|0x0000000746900000, 0x0000000746900000, 0x0000000746a00000|  0%| F|  |TAMS 0x0000000746900000, 0x0000000746900000| Untracked 
|  66|0x0000000746a00000, 0x0000000746a00000, 0x0000000746b00000|  0%| F|  |TAMS 0x0000000746a00000, 0x0000000746a00000| Untracked 
|  67|0x0000000746b00000, 0x0000000746b00000, 0x0000000746c00000|  0%| F|  |TAMS 0x0000000746b00000, 0x0000000746b00000| Untracked 
|  68|0x0000000746c00000, 0x0000000746c00000, 0x0000000746d00000|  0%| F|  |TAMS 0x0000000746c00000, 0x0000000746c00000| Untracked 
|  69|0x0000000746d00000, 0x0000000746d00000, 0x0000000746e00000|  0%| F|  |TAMS 0x0000000746d00000, 0x0000000746d00000| Untracked 
|  70|0x0000000746e00000, 0x0000000746e00000, 0x0000000746f00000|  0%| F|  |TAMS 0x0000000746e00000, 0x0000000746e00000| Untracked 
|  71|0x0000000746f00000, 0x0000000746f00000, 0x0000000747000000|  0%| F|  |TAMS 0x0000000746f00000, 0x0000000746f00000| Untracked 
|  72|0x0000000747000000, 0x0000000747000000, 0x0000000747100000|  0%| F|  |TAMS 0x0000000747000000, 0x0000000747000000| Untracked 
|  73|0x0000000747100000, 0x0000000747100000, 0x0000000747200000|  0%| F|  |TAMS 0x0000000747100000, 0x0000000747100000| Untracked 
|  74|0x0000000747200000, 0x0000000747200000, 0x0000000747300000|  0%| F|  |TAMS 0x0000000747200000, 0x0000000747200000| Untracked 
|  75|0x0000000747300000, 0x0000000747300000, 0x0000000747400000|  0%| F|  |TAMS 0x0000000747300000, 0x0000000747300000| Untracked 
|  76|0x0000000747400000, 0x0000000747400000, 0x0000000747500000|  0%| F|  |TAMS 0x0000000747400000, 0x0000000747400000| Untracked 
|  77|0x0000000747500000, 0x0000000747500000, 0x0000000747600000|  0%| F|  |TAMS 0x0000000747500000, 0x0000000747500000| Untracked 
|  78|0x0000000747600000, 0x0000000747600000, 0x0000000747700000|  0%| F|  |TAMS 0x0000000747600000, 0x0000000747600000| Untracked 
|  79|0x0000000747700000, 0x0000000747700000, 0x0000000747800000|  0%| F|  |TAMS 0x0000000747700000, 0x0000000747700000| Untracked 
|  80|0x0000000747800000, 0x0000000747800000, 0x0000000747900000|  0%| F|  |TAMS 0x0000000747800000, 0x0000000747800000| Untracked 
|  81|0x0000000747900000, 0x0000000747900000, 0x0000000747a00000|  0%| F|  |TAMS 0x0000000747900000, 0x0000000747900000| Untracked 
|  82|0x0000000747a00000, 0x0000000747a00000, 0x0000000747b00000|  0%| F|  |TAMS 0x0000000747a00000, 0x0000000747a00000| Untracked 
|  83|0x0000000747b00000, 0x0000000747b00000, 0x0000000747c00000|  0%| F|  |TAMS 0x0000000747b00000, 0x0000000747b00000| Untracked 
|  84|0x0000000747c00000, 0x0000000747c00000, 0x0000000747d00000|  0%| F|  |TAMS 0x0000000747c00000, 0x0000000747c00000| Untracked 
|  85|0x0000000747d00000, 0x0000000747d00000, 0x0000000747e00000|  0%| F|  |TAMS 0x0000000747d00000, 0x0000000747d00000| Untracked 
|  86|0x0000000747e00000, 0x0000000747e00000, 0x0000000747f00000|  0%| F|  |TAMS 0x0000000747e00000, 0x0000000747e00000| Untracked 
|  87|0x0000000747f00000, 0x0000000747f00000, 0x0000000748000000|  0%| F|  |TAMS 0x0000000747f00000, 0x0000000747f00000| Untracked 
|  88|0x0000000748000000, 0x0000000748000000, 0x0000000748100000|  0%| F|  |TAMS 0x0000000748000000, 0x0000000748000000| Untracked 
|  89|0x0000000748100000, 0x0000000748100000, 0x0000000748200000|  0%| F|  |TAMS 0x0000000748100000, 0x0000000748100000| Untracked 
|  90|0x0000000748200000, 0x0000000748200000, 0x0000000748300000|  0%| F|  |TAMS 0x0000000748200000, 0x0000000748200000| Untracked 
|  91|0x0000000748300000, 0x0000000748300000, 0x0000000748400000|  0%| F|  |TAMS 0x0000000748300000, 0x0000000748300000| Untracked 
|  92|0x0000000748400000, 0x0000000748400000, 0x0000000748500000|  0%| F|  |TAMS 0x0000000748400000, 0x0000000748400000| Untracked 
|  93|0x0000000748500000, 0x0000000748500000, 0x0000000748600000|  0%| F|  |TAMS 0x0000000748500000, 0x0000000748500000| Untracked 
|  94|0x0000000748600000, 0x0000000748600000, 0x0000000748700000|  0%| F|  |TAMS 0x0000000748600000, 0x0000000748600000| Untracked 
|  95|0x0000000748700000, 0x0000000748700000, 0x0000000748800000|  0%| F|  |TAMS 0x0000000748700000, 0x0000000748700000| Untracked 
|  96|0x0000000748800000, 0x0000000748800000, 0x0000000748900000|  0%| F|  |TAMS 0x0000000748800000, 0x0000000748800000| Untracked 
|  97|0x0000000748900000, 0x0000000748900000, 0x0000000748a00000|  0%| F|  |TAMS 0x0000000748900000, 0x0000000748900000| Untracked 
|  98|0x0000000748a00000, 0x0000000748a00000, 0x0000000748b00000|  0%| F|  |TAMS 0x0000000748a00000, 0x0000000748a00000| Untracked 
|  99|0x0000000748b00000, 0x0000000748b00000, 0x0000000748c00000|  0%| F|  |TAMS 0x0000000748b00000, 0x0000000748b00000| Untracked 
| 100|0x0000000748c00000, 0x0000000748c00000, 0x0000000748d00000|  0%| F|  |TAMS 0x0000000748c00000, 0x0000000748c00000| Untracked 
| 101|0x0000000748d00000, 0x0000000748d00000, 0x0000000748e00000|  0%| F|  |TAMS 0x0000000748d00000, 0x0000000748d00000| Untracked 
| 102|0x0000000748e00000, 0x0000000748e00000, 0x0000000748f00000|  0%| F|  |TAMS 0x0000000748e00000, 0x0000000748e00000| Untracked 
| 103|0x0000000748f00000, 0x0000000748f00000, 0x0000000749000000|  0%| F|  |TAMS 0x0000000748f00000, 0x0000000748f00000| Untracked 
| 104|0x0000000749000000, 0x0000000749000000, 0x0000000749100000|  0%| F|  |TAMS 0x0000000749000000, 0x0000000749000000| Untracked 
| 105|0x0000000749100000, 0x0000000749100000, 0x0000000749200000|  0%| F|  |TAMS 0x0000000749100000, 0x0000000749100000| Untracked 
| 106|0x0000000749200000, 0x0000000749200000, 0x0000000749300000|  0%| F|  |TAMS 0x0000000749200000, 0x0000000749200000| Untracked 
| 107|0x0000000749300000, 0x0000000749300000, 0x0000000749400000|  0%| F|  |TAMS 0x0000000749300000, 0x0000000749300000| Untracked 
| 108|0x0000000749400000, 0x0000000749400000, 0x0000000749500000|  0%| F|  |TAMS 0x0000000749400000, 0x0000000749400000| Untracked 
| 109|0x0000000749500000, 0x0000000749500000, 0x0000000749600000|  0%| F|  |TAMS 0x0000000749500000, 0x0000000749500000| Untracked 
| 110|0x0000000749600000, 0x0000000749600000, 0x0000000749700000|  0%| F|  |TAMS 0x0000000749600000, 0x0000000749600000| Untracked 
| 111|0x0000000749700000, 0x0000000749700000, 0x0000000749800000|  0%| F|  |TAMS 0x0000000749700000, 0x0000000749700000| Untracked 
| 112|0x0000000749800000, 0x0000000749800000, 0x0000000749900000|  0%| F|  |TAMS 0x0000000749800000, 0x0000000749800000| Untracked 
| 113|0x0000000749900000, 0x0000000749900000, 0x0000000749a00000|  0%| F|  |TAMS 0x0000000749900000, 0x0000000749900000| Untracked 
| 114|0x0000000749a00000, 0x0000000749a00000, 0x0000000749b00000|  0%| F|  |TAMS 0x0000000749a00000, 0x0000000749a00000| Untracked 
| 115|0x0000000749b00000, 0x0000000749b00000, 0x0000000749c00000|  0%| F|  |TAMS 0x0000000749b00000, 0x0000000749b00000| Untracked 
| 116|0x0000000749c00000, 0x0000000749c00000, 0x0000000749d00000|  0%| F|  |TAMS 0x0000000749c00000, 0x0000000749c00000| Untracked 
| 117|0x0000000749d00000, 0x0000000749d00000, 0x0000000749e00000|  0%| F|  |TAMS 0x0000000749d00000, 0x0000000749d00000| Untracked 
| 118|0x0000000749e00000, 0x0000000749e00000, 0x0000000749f00000|  0%| F|  |TAMS 0x0000000749e00000, 0x0000000749e00000| Untracked 
| 119|0x0000000749f00000, 0x0000000749f00000, 0x000000074a000000|  0%| F|  |TAMS 0x0000000749f00000, 0x0000000749f00000| Untracked 
| 120|0x000000074a000000, 0x000000074a000000, 0x000000074a100000|  0%| F|  |TAMS 0x000000074a000000, 0x000000074a000000| Untracked 
| 121|0x000000074a100000, 0x000000074a100000, 0x000000074a200000|  0%| F|  |TAMS 0x000000074a100000, 0x000000074a100000| Untracked 
| 122|0x000000074a200000, 0x000000074a200000, 0x000000074a300000|  0%| F|  |TAMS 0x000000074a200000, 0x000000074a200000| Untracked 
| 123|0x000000074a300000, 0x000000074a300000, 0x000000074a400000|  0%| F|  |TAMS 0x000000074a300000, 0x000000074a300000| Untracked 
| 124|0x000000074a400000, 0x000000074a400000, 0x000000074a500000|  0%| F|  |TAMS 0x000000074a400000, 0x000000074a400000| Untracked 
| 125|0x000000074a500000, 0x000000074a500000, 0x000000074a600000|  0%| F|  |TAMS 0x000000074a500000, 0x000000074a500000| Untracked 
| 126|0x000000074a600000, 0x000000074a600000, 0x000000074a700000|  0%| F|  |TAMS 0x000000074a600000, 0x000000074a600000| Untracked 
| 127|0x000000074a700000, 0x000000074a700000, 0x000000074a800000|  0%| F|  |TAMS 0x000000074a700000, 0x000000074a700000| Untracked 
| 128|0x000000074a800000, 0x000000074a800000, 0x000000074a900000|  0%| F|  |TAMS 0x000000074a800000, 0x000000074a800000| Untracked 
| 129|0x000000074a900000, 0x000000074a900000, 0x000000074aa00000|  0%| F|  |TAMS 0x000000074a900000, 0x000000074a900000| Untracked 
| 130|0x000000074aa00000, 0x000000074aa00000, 0x000000074ab00000|  0%| F|  |TAMS 0x000000074aa00000, 0x000000074aa00000| Untracked 
| 131|0x000000074ab00000, 0x000000074ab00000, 0x000000074ac00000|  0%| F|  |TAMS 0x000000074ab00000, 0x000000074ab00000| Untracked 
| 132|0x000000074ac00000, 0x000000074ac00000, 0x000000074ad00000|  0%| F|  |TAMS 0x000000074ac00000, 0x000000074ac00000| Untracked 
| 133|0x000000074ad00000, 0x000000074ad00000, 0x000000074ae00000|  0%| F|  |TAMS 0x000000074ad00000, 0x000000074ad00000| Untracked 
| 134|0x000000074ae00000, 0x000000074ae00000, 0x000000074af00000|  0%| F|  |TAMS 0x000000074ae00000, 0x000000074ae00000| Untracked 
| 135|0x000000074af00000, 0x000000074af00000, 0x000000074b000000|  0%| F|  |TAMS 0x000000074af00000, 0x000000074af00000| Untracked 
| 136|0x000000074b000000, 0x000000074b000000, 0x000000074b100000|  0%| F|  |TAMS 0x000000074b000000, 0x000000074b000000| Untracked 
| 137|0x000000074b100000, 0x000000074b100000, 0x000000074b200000|  0%| F|  |TAMS 0x000000074b100000, 0x000000074b100000| Untracked 
| 138|0x000000074b200000, 0x000000074b200000, 0x000000074b300000|  0%| F|  |TAMS 0x000000074b200000, 0x000000074b200000| Untracked 
| 139|0x000000074b300000, 0x000000074b300000, 0x000000074b400000|  0%| F|  |TAMS 0x000000074b300000, 0x000000074b300000| Untracked 
| 140|0x000000074b400000, 0x000000074b400000, 0x000000074b500000|  0%| F|  |TAMS 0x000000074b400000, 0x000000074b400000| Untracked 
| 141|0x000000074b500000, 0x000000074b500000, 0x000000074b600000|  0%| F|  |TAMS 0x000000074b500000, 0x000000074b500000| Untracked 
| 142|0x000000074b600000, 0x000000074b600000, 0x000000074b700000|  0%| F|  |TAMS 0x000000074b600000, 0x000000074b600000| Untracked 
| 143|0x000000074b700000, 0x000000074b700000, 0x000000074b800000|  0%| F|  |TAMS 0x000000074b700000, 0x000000074b700000| Untracked 
| 144|0x000000074b800000, 0x000000074b800000, 0x000000074b900000|  0%| F|  |TAMS 0x000000074b800000, 0x000000074b800000| Untracked 
| 145|0x000000074b900000, 0x000000074b900000, 0x000000074ba00000|  0%| F|  |TAMS 0x000000074b900000, 0x000000074b900000| Untracked 
| 146|0x000000074ba00000, 0x000000074ba00000, 0x000000074bb00000|  0%| F|  |TAMS 0x000000074ba00000, 0x000000074ba00000| Untracked 
| 147|0x000000074bb00000, 0x000000074bb00000, 0x000000074bc00000|  0%| F|  |TAMS 0x000000074bb00000, 0x000000074bb00000| Untracked 
| 148|0x000000074bc00000, 0x000000074bc00000, 0x000000074bd00000|  0%| F|  |TAMS 0x000000074bc00000, 0x000000074bc00000| Untracked 
| 149|0x000000074bd00000, 0x000000074bd00000, 0x000000074be00000|  0%| F|  |TAMS 0x000000074bd00000, 0x000000074bd00000| Untracked 
| 150|0x000000074be00000, 0x000000074be00000, 0x000000074bf00000|  0%| F|  |TAMS 0x000000074be00000, 0x000000074be00000| Untracked 
| 151|0x000000074bf00000, 0x000000074bf00000, 0x000000074c000000|  0%| F|  |TAMS 0x000000074bf00000, 0x000000074bf00000| Untracked 
| 152|0x000000074c000000, 0x000000074c000000, 0x000000074c100000|  0%| F|  |TAMS 0x000000074c000000, 0x000000074c000000| Untracked 
| 153|0x000000074c100000, 0x000000074c100000, 0x000000074c200000|  0%| F|  |TAMS 0x000000074c100000, 0x000000074c100000| Untracked 
| 154|0x000000074c200000, 0x000000074c200000, 0x000000074c300000|  0%| F|  |TAMS 0x000000074c200000, 0x000000074c200000| Untracked 
| 155|0x000000074c300000, 0x000000074c300000, 0x000000074c400000|  0%| F|  |TAMS 0x000000074c300000, 0x000000074c300000| Untracked 
| 156|0x000000074c400000, 0x000000074c400000, 0x000000074c500000|  0%| F|  |TAMS 0x000000074c400000, 0x000000074c400000| Untracked 
| 157|0x000000074c500000, 0x000000074c500000, 0x000000074c600000|  0%| F|  |TAMS 0x000000074c500000, 0x000000074c500000| Untracked 
| 158|0x000000074c600000, 0x000000074c600000, 0x000000074c700000|  0%| F|  |TAMS 0x000000074c600000, 0x000000074c600000| Untracked 
| 159|0x000000074c700000, 0x000000074c700000, 0x000000074c800000|  0%| F|  |TAMS 0x000000074c700000, 0x000000074c700000| Untracked 
| 160|0x000000074c800000, 0x000000074c800000, 0x000000074c900000|  0%| F|  |TAMS 0x000000074c800000, 0x000000074c800000| Untracked 
| 161|0x000000074c900000, 0x000000074c900000, 0x000000074ca00000|  0%| F|  |TAMS 0x000000074c900000, 0x000000074c900000| Untracked 
| 162|0x000000074ca00000, 0x000000074ca00000, 0x000000074cb00000|  0%| F|  |TAMS 0x000000074ca00000, 0x000000074ca00000| Untracked 
| 163|0x000000074cb00000, 0x000000074cb00000, 0x000000074cc00000|  0%| F|  |TAMS 0x000000074cb00000, 0x000000074cb00000| Untracked 
| 164|0x000000074cc00000, 0x000000074cc00000, 0x000000074cd00000|  0%| F|  |TAMS 0x000000074cc00000, 0x000000074cc00000| Untracked 
| 165|0x000000074cd00000, 0x000000074cd00000, 0x000000074ce00000|  0%| F|  |TAMS 0x000000074cd00000, 0x000000074cd00000| Untracked 
| 166|0x000000074ce00000, 0x000000074ce00000, 0x000000074cf00000|  0%| F|  |TAMS 0x000000074ce00000, 0x000000074ce00000| Untracked 
| 167|0x000000074cf00000, 0x000000074cf00000, 0x000000074d000000|  0%| F|  |TAMS 0x000000074cf00000, 0x000000074cf00000| Untracked 
| 168|0x000000074d000000, 0x000000074d000000, 0x000000074d100000|  0%| F|  |TAMS 0x000000074d000000, 0x000000074d000000| Untracked 
| 169|0x000000074d100000, 0x000000074d100000, 0x000000074d200000|  0%| F|  |TAMS 0x000000074d100000, 0x000000074d100000| Untracked 
| 170|0x000000074d200000, 0x000000074d200000, 0x000000074d300000|  0%| F|  |TAMS 0x000000074d200000, 0x000000074d200000| Untracked 
| 171|0x000000074d300000, 0x000000074d300000, 0x000000074d400000|  0%| F|  |TAMS 0x000000074d300000, 0x000000074d300000| Untracked 
| 172|0x000000074d400000, 0x000000074d400000, 0x000000074d500000|  0%| F|  |TAMS 0x000000074d400000, 0x000000074d400000| Untracked 
| 173|0x000000074d500000, 0x000000074d57b638, 0x000000074d600000| 48%| E|  |TAMS 0x000000074d500000, 0x000000074d500000| Complete 
| 174|0x000000074d600000, 0x000000074d700000, 0x000000074d700000|100%| E|CS|TAMS 0x000000074d600000, 0x000000074d600000| Complete 
| 175|0x000000074d700000, 0x000000074d800000, 0x000000074d800000|100%| E|CS|TAMS 0x000000074d700000, 0x000000074d700000| Complete 
| 176|0x000000074d800000, 0x000000074d900000, 0x000000074d900000|100%| E|CS|TAMS 0x000000074d800000, 0x000000074d800000| Complete 
| 177|0x000000074d900000, 0x000000074da00000, 0x000000074da00000|100%| E|CS|TAMS 0x000000074d900000, 0x000000074d900000| Complete 
| 178|0x000000074da00000, 0x000000074db00000, 0x000000074db00000|100%| E|CS|TAMS 0x000000074da00000, 0x000000074da00000| Complete 
| 179|0x000000074db00000, 0x000000074dc00000, 0x000000074dc00000|100%| E|CS|TAMS 0x000000074db00000, 0x000000074db00000| Complete 
| 180|0x000000074dc00000, 0x000000074dd00000, 0x000000074dd00000|100%| E|CS|TAMS 0x000000074dc00000, 0x000000074dc00000| Complete 
| 181|0x000000074dd00000, 0x000000074de00000, 0x000000074de00000|100%| E|CS|TAMS 0x000000074dd00000, 0x000000074dd00000| Complete 
| 182|0x000000074de00000, 0x000000074df00000, 0x000000074df00000|100%| E|CS|TAMS 0x000000074de00000, 0x000000074de00000| Complete 
| 183|0x000000074df00000, 0x000000074e000000, 0x000000074e000000|100%| E|  |TAMS 0x000000074df00000, 0x000000074df00000| Complete 
| 184|0x000000074e000000, 0x000000074e100000, 0x000000074e100000|100%| E|CS|TAMS 0x000000074e000000, 0x000000074e000000| Complete 
| 185|0x000000074e100000, 0x000000074e200000, 0x000000074e200000|100%| E|CS|TAMS 0x000000074e100000, 0x000000074e100000| Complete 
| 186|0x000000074e200000, 0x000000074e300000, 0x000000074e300000|100%| E|CS|TAMS 0x000000074e200000, 0x000000074e200000| Complete 
| 187|0x000000074e300000, 0x000000074e400000, 0x000000074e400000|100%| E|CS|TAMS 0x000000074e300000, 0x000000074e300000| Complete 
| 188|0x000000074e400000, 0x000000074e500000, 0x000000074e500000|100%| E|CS|TAMS 0x000000074e400000, 0x000000074e400000| Complete 
| 189|0x000000074e500000, 0x000000074e600000, 0x000000074e600000|100%| E|CS|TAMS 0x000000074e500000, 0x000000074e500000| Complete 

Card table byte_map: [0x000001ebd0410000,0x000001ebd0a00000] _byte_map_base: 0x000001ebcc9fc000

Marking Bits (Prev, Next): (CMBitMap*) 0x000001ebb87396f8, (CMBitMap*) 0x000001ebb8739738
 Prev Bits: [0x000001ebd0ff0000, 0x000001ebd3f50000)
 Next Bits: [0x000001ebd3f50000, 0x000001ebd6eb0000)

Polling page: 0x000001ebb66a0000

Metaspace:

Usage:
  Non-class:      6.31 MB capacity,     6.15 MB ( 97%) used,   138.68 KB (  2%) free+waste,    24.06 KB ( <1%) overhead. 
      Class:    943.00 KB capacity,   783.74 KB ( 83%) used,   144.07 KB ( 15%) free+waste,    15.19 KB (  2%) overhead. 
       Both:      7.23 MB capacity,     6.91 MB ( 96%) used,   282.75 KB (  4%) free+waste,    39.25 KB ( <1%) overhead. 

Virtual space:
  Non-class space:        8.00 MB reserved,       6.50 MB ( 81%) committed 
      Class space:        1.00 GB reserved,       1.00 MB ( <1%) committed 
             Both:        1.01 GB reserved,       7.50 MB ( <1%) committed 

Chunk freelists:
   Non-Class:  896 bytes
       Class:  2.13 KB
        Both:  3.00 KB

CodeHeap 'non-profiled nmethods': size=120000Kb used=340Kb max_used=340Kb free=119659Kb
 bounds [0x000001ebc85c0000, 0x000001ebc8830000, 0x000001ebcfaf0000]
CodeHeap 'profiled nmethods': size=120000Kb used=2021Kb max_used=2021Kb free=117978Kb
 bounds [0x000001ebc1090000, 0x000001ebc1300000, 0x000001ebc85c0000]
CodeHeap 'non-nmethods': size=5760Kb used=1190Kb max_used=1230Kb free=4569Kb
 bounds [0x000001ebc0af0000, 0x000001ebc0d60000, 0x000001ebc1090000]
 total_blobs=1825 nmethods=1085 adapters=445
 compilation: enabled
              stopped_count=0, restarted_count=0
 full_count=0

Compilation events (10 events):
Event: 2.818 Thread 0x000001ebda1b4800 1067       1       java.awt.Component::getHeight (5 bytes)
Event: 2.818 Thread 0x000001ebda1b4800 nmethod 1067 0x000001ebc8613690 code [0x000001ebc8613840, 0x000001ebc8613978]
Event: 2.818 Thread 0x000001ebda1b4800 1069       1       java.awt.Component::getWidth (5 bytes)
Event: 2.818 Thread 0x000001ebda1b4800 nmethod 1069 0x000001ebc8613a10 code [0x000001ebc8613bc0, 0x000001ebc8613cf8]
Event: 2.824 Thread 0x000001ebda1b4800 1070       2       java.util.HashMap::getNode (148 bytes)
Event: 2.825 Thread 0x000001ebda1b4800 nmethod 1070 0x000001ebc127f110 code [0x000001ebc127f300, 0x000001ebc127f750]
Event: 2.825 Thread 0x000001ebda1b4800 1071       1       java.awt.RenderingHints$Key::intKey (5 bytes)
Event: 2.825 Thread 0x000001ebda1b4800 nmethod 1071 0x000001ebc8613d90 code [0x000001ebc8613f40, 0x000001ebc8614078]
Event: 2.830 Thread 0x000001ebda1b4800 1072       3       javax.swing.RepaintManager::currentManager (37 bytes)
Event: 2.831 Thread 0x000001ebda1b4800 nmethod 1072 0x000001ebc127f990 code [0x000001ebc127fb80, 0x000001ebc127ff50]

GC Heap History (0 events):
No events

Deoptimization events (10 events):
Event: 2.376 Thread 0x000001ebda735800 Uncommon trap: reason=class_check action=maybe_recompile pc=0x000001ebc85ef09c method=java.util.HashMap.putVal(ILjava/lang/Object;Ljava/lang/Object;ZZ)Ljava/lang/Object; @ 203 c2
Event: 2.376 Thread 0x000001ebda735800 Uncommon trap: reason=class_check action=maybe_recompile pc=0x000001ebc85ef09c method=java.util.HashMap.putVal(ILjava/lang/Object;Ljava/lang/Object;ZZ)Ljava/lang/Object; @ 203 c2
Event: 2.376 Thread 0x000001ebda735800 Uncommon trap: reason=class_check action=maybe_recompile pc=0x000001ebc85ef09c method=java.util.HashMap.putVal(ILjava/lang/Object;Ljava/lang/Object;ZZ)Ljava/lang/Object; @ 203 c2
Event: 2.376 Thread 0x000001ebda735800 Uncommon trap: reason=class_check action=maybe_recompile pc=0x000001ebc85ef09c method=java.util.HashMap.putVal(ILjava/lang/Object;Ljava/lang/Object;ZZ)Ljava/lang/Object; @ 203 c2
Event: 2.435 Thread 0x000001ebda735800 Uncommon trap: reason=unstable_if action=reinterpret pc=0x000001ebc860eec4 method=java.lang.Character.isSurrogate(C)Z @ 3 c2
Event: 2.746 Thread 0x000001ebda735800 Uncommon trap: reason=unstable_if action=reinterpret pc=0x000001ebc8611fe8 method=java.lang.ref.SoftReference.get()Ljava/lang/Object; @ 6 c2
Event: 2.802 Thread 0x000001ebda735800 Uncommon trap: reason=class_check action=maybe_recompile pc=0x000001ebc860302c method=java.util.HashMap.getNode(ILjava/lang/Object;)Ljava/util/HashMap$Node; @ 59 c2
Event: 2.805 Thread 0x000001ebda735800 Uncommon trap: reason=class_check action=maybe_recompile pc=0x000001ebc860302c method=java.util.HashMap.getNode(ILjava/lang/Object;)Ljava/util/HashMap$Node; @ 59 c2
Event: 2.806 Thread 0x000001ebda735800 Uncommon trap: reason=class_check action=maybe_recompile pc=0x000001ebc860302c method=java.util.HashMap.getNode(ILjava/lang/Object;)Ljava/util/HashMap$Node; @ 59 c2
Event: 2.807 Thread 0x000001ebda735800 Uncommon trap: reason=class_check action=maybe_recompile pc=0x000001ebc860302c method=java.util.HashMap.getNode(ILjava/lang/Object;)Ljava/util/HashMap$Node; @ 59 c2

Classes redefined (0 events):
No events

Internal exceptions (10 events):
Event: 1.122 Thread 0x000001ebda735800 Exception <a 'java/io/FileNotFoundException'{0x000000074df9f768}> (0x000000074df9f768) thrown at [t:/workspace/open/src/hotspot/share/prims/jni.cpp, line 615]
Event: 1.124 Thread 0x000001ebda735800 Exception <a 'java/io/FileNotFoundException'{0x000000074dfa21c0}> (0x000000074dfa21c0) thrown at [t:/workspace/open/src/hotspot/share/prims/jni.cpp, line 615]
Event: 1.157 Thread 0x000001ebda735800 Exception <a 'java/io/FileNotFoundException'{0x000000074dfc8300}> (0x000000074dfc8300) thrown at [t:/workspace/open/src/hotspot/share/prims/jni.cpp, line 615]
Event: 1.169 Thread 0x000001ebda735800 Exception <a 'java/io/FileNotFoundException'{0x000000074dfd0df8}> (0x000000074dfd0df8) thrown at [t:/workspace/open/src/hotspot/share/prims/jni.cpp, line 615]
Event: 1.196 Thread 0x000001ebda735800 Exception <a 'java/io/FileNotFoundException'{0x000000074dffd4b0}> (0x000000074dffd4b0) thrown at [t:/workspace/open/src/hotspot/share/prims/jni.cpp, line 615]
Event: 1.206 Thread 0x000001ebda735800 Exception <a 'java/io/FileNotFoundException'{0x000000074de19668}> (0x000000074de19668) thrown at [t:/workspace/open/src/hotspot/share/prims/jni.cpp, line 615]
Event: 1.210 Thread 0x000001ebda735800 Exception <a 'java/io/FileNotFoundException'{0x000000074de1dbd0}> (0x000000074de1dbd0) thrown at [t:/workspace/open/src/hotspot/share/prims/jni.cpp, line 615]
Event: 1.211 Thread 0x000001ebda735800 Exception <a 'java/io/FileNotFoundException'{0x000000074de1f558}> (0x000000074de1f558) thrown at [t:/workspace/open/src/hotspot/share/prims/jni.cpp, line 615]
Event: 1.222 Thread 0x000001ebda735800 Exception <a 'java/io/FileNotFoundException'{0x000000074de283b8}> (0x000000074de283b8) thrown at [t:/workspace/open/src/hotspot/share/prims/jni.cpp, line 615]
Event: 1.224 Thread 0x000001ebda735800 Exception <a 'java/io/FileNotFoundException'{0x000000074de2adf0}> (0x000000074de2adf0) thrown at [t:/workspace/open/src/hotspot/share/prims/jni.cpp, line 615]

Events (10 events):
Event: 2.804 loading class javax/swing/JToolBar done
Event: 2.805 Thread 0x000001ebda735800 Uncommon trap: trap_request=0xffffffde fr.pc=0x000001ebc860302c relative=0x00000000000005cc
Event: 2.805 Thread 0x000001ebda735800 DEOPT PACKING pc=0x000001ebc860302c sp=0x000000d859cfd600
Event: 2.805 Thread 0x000001ebda735800 DEOPT UNPACKING pc=0x000001ebc0b19c2f sp=0x000000d859cfd568 mode 2
Event: 2.806 Thread 0x000001ebda735800 Uncommon trap: trap_request=0xffffffde fr.pc=0x000001ebc860302c relative=0x00000000000005cc
Event: 2.806 Thread 0x000001ebda735800 DEOPT PACKING pc=0x000001ebc860302c sp=0x000000d859cfd4f0
Event: 2.806 Thread 0x000001ebda735800 DEOPT UNPACKING pc=0x000001ebc0b19c2f sp=0x000000d859cfd458 mode 2
Event: 2.806 Thread 0x000001ebda735800 Uncommon trap: trap_request=0xffffffde fr.pc=0x000001ebc860302c relative=0x00000000000005cc
Event: 2.807 Thread 0x000001ebda735800 DEOPT PACKING pc=0x000001ebc860302c sp=0x000000d859cfd600
Event: 2.807 Thread 0x000001ebda735800 DEOPT UNPACKING pc=0x000001ebc0b19c2f sp=0x000000d859cfd568 mode 2


Dynamic libraries:
0x00007ff6dbe00000 - 0x00007ff6dbe0f000 	C:\Program Files\Java\jdk-12.0.2\bin\javaw.exe
0x00007ff9b9be0000 - 0x00007ff9b9dd0000 	C:\WINDOWS\SYSTEM32\ntdll.dll
0x00007ff9b83c0000 - 0x00007ff9b8472000 	C:\WINDOWS\System32\KERNEL32.DLL
0x00007ff9b6c90000 - 0x00007ff9b6f35000 	C:\WINDOWS\System32\KERNELBASE.dll
0x00007ff9b6f40000 - 0x00007ff9b703a000 	C:\WINDOWS\System32\ucrtbase.dll
0x00007ff99fd50000 - 0x00007ff99fd66000 	C:\Program Files\Java\jdk-12.0.2\bin\VCRUNTIME140.dll
0x00007ff9a6850000 - 0x00007ff9a6868000 	C:\Program Files\Java\jdk-12.0.2\bin\jli.dll
0x00007ff9b8600000 - 0x00007ff9b86a3000 	C:\WINDOWS\System32\ADVAPI32.dll
0x00007ff9b7d00000 - 0x00007ff9b7d9e000 	C:\WINDOWS\System32\msvcrt.dll
0x00007ff9b9b00000 - 0x00007ff9b9b97000 	C:\WINDOWS\System32\sechost.dll
0x00007ff9b86b0000 - 0x00007ff9b87d0000 	C:\WINDOWS\System32\RPCRT4.dll
0x00007ff9b90c0000 - 0x00007ff9b9254000 	C:\WINDOWS\System32\USER32.dll
0x00007ff9b6b50000 - 0x00007ff9b6b71000 	C:\WINDOWS\System32\win32u.dll
0x00007ff9b85d0000 - 0x00007ff9b85f6000 	C:\WINDOWS\System32\GDI32.dll
0x00007ff9b7090000 - 0x00007ff9b7226000 	C:\WINDOWS\System32\gdi32full.dll
0x00007ff9b7460000 - 0x00007ff9b74fe000 	C:\WINDOWS\System32\msvcp_win.dll
0x00007ff9aaba0000 - 0x00007ff9aae24000 	C:\WINDOWS\WinSxS\amd64_microsoft.windows.common-controls_6595b64144ccf1df_6.0.18362.1256_none_9e7e379be45e40e2\COMCTL32.dll
0x00007ff9b8d80000 - 0x00007ff9b90b6000 	C:\WINDOWS\System32\combase.dll
0x00007ff9b7230000 - 0x00007ff9b72b1000 	C:\WINDOWS\System32\bcryptPrimitives.dll
0x00007ff9ae890000 - 0x00007ff9ae89a000 	C:\WINDOWS\SYSTEM32\VERSION.dll
0x00007ff9b8390000 - 0x00007ff9b83be000 	C:\WINDOWS\System32\IMM32.DLL
0x00007ff9810f0000 - 0x00007ff98119a000 	C:\Program Files\Java\jdk-12.0.2\bin\msvcp140.dll
0x00007ff975b50000 - 0x00007ff9766c7000 	C:\Program Files\Java\jdk-12.0.2\bin\server\jvm.dll
0x00007ff9b8480000 - 0x00007ff9b8488000 	C:\WINDOWS\System32\PSAPI.DLL
0x00007ff9ad070000 - 0x00007ff9ad094000 	C:\WINDOWS\SYSTEM32\WINMM.dll
0x00007ff9aaf20000 - 0x00007ff9aaf29000 	C:\WINDOWS\SYSTEM32\WSOCK32.dll
0x00007ff9b8a60000 - 0x00007ff9b8acf000 	C:\WINDOWS\System32\WS2_32.dll
0x00007ff9ad040000 - 0x00007ff9ad06d000 	C:\WINDOWS\SYSTEM32\winmmbase.dll
0x00007ff9b7040000 - 0x00007ff9b708a000 	C:\WINDOWS\System32\cfgmgr32.dll
0x00007ff9b6ac0000 - 0x00007ff9b6ad1000 	C:\WINDOWS\System32\kernel.appcore.dll
0x00007ff9ac900000 - 0x00007ff9ac911000 	C:\Program Files\Java\jdk-12.0.2\bin\verify.dll
0x00007ff9b5360000 - 0x00007ff9b5554000 	C:\WINDOWS\SYSTEM32\DBGHELP.DLL
0x00007ff9af450000 - 0x00007ff9af47a000 	C:\WINDOWS\SYSTEM32\dbgcore.DLL
0x00007ff996b10000 - 0x00007ff996b36000 	C:\Program Files\Java\jdk-12.0.2\bin\java.dll
0x00007ff9ac820000 - 0x00007ff9ac837000 	C:\Program Files\Java\jdk-12.0.2\bin\zip.dll
0x00007ff9b2ae0000 - 0x00007ff9b2aea000 	C:\Program Files\Java\jdk-12.0.2\bin\jimage.dll
0x00007ff9b9410000 - 0x00007ff9b9af7000 	C:\WINDOWS\System32\SHELL32.dll
0x00007ff9b8990000 - 0x00007ff9b8a39000 	C:\WINDOWS\System32\shcore.dll
0x00007ff9b7500000 - 0x00007ff9b7c81000 	C:\WINDOWS\System32\windows.storage.dll
0x00007ff9b6a90000 - 0x00007ff9b6ab3000 	C:\WINDOWS\System32\profapi.dll
0x00007ff9b6b00000 - 0x00007ff9b6b4a000 	C:\WINDOWS\System32\powrprof.dll
0x00007ff9b6a80000 - 0x00007ff9b6a90000 	C:\WINDOWS\System32\UMPDC.dll
0x00007ff9b92e0000 - 0x00007ff9b9332000 	C:\WINDOWS\System32\shlwapi.dll
0x00007ff9b7440000 - 0x00007ff9b7457000 	C:\WINDOWS\System32\cryptsp.dll
0x00007ff977120000 - 0x00007ff9772bf000 	C:\Program Files\Java\jdk-12.0.2\bin\awt.dll
0x00007ff9b82c0000 - 0x00007ff9b8385000 	C:\WINDOWS\System32\OLEAUT32.dll
0x00007ff9b2e70000 - 0x00007ff9b3430000 	C:\WINDOWS\SYSTEM32\d2d1.dll
0x00007ff9b4490000 - 0x00007ff9b451f000 	C:\WINDOWS\SYSTEM32\apphelp.dll
0x00007ff9b4f50000 - 0x00007ff9b4f7d000 	C:\WINDOWS\system32\DWMAPI.DLL
0x00007ff9b4a10000 - 0x00007ff9b4aa9000 	C:\WINDOWS\system32\uxtheme.dll
0x00007ff99df30000 - 0x00007ff99e086000 	C:\WINDOWS\system32\opengl32.dll
0x00007ff9aa700000 - 0x00007ff9aa72c000 	C:\WINDOWS\SYSTEM32\GLU32.dll
0x00007ff9b56c0000 - 0x00007ff9b56e0000 	C:\WINDOWS\SYSTEM32\dxcore.dll
0x00007ff9b8490000 - 0x00007ff9b85c5000 	C:\WINDOWS\System32\MSCTF.dll
0x00007ff9b8ad0000 - 0x00007ff9b8c27000 	C:\WINDOWS\System32\ole32.dll
0x00007ff98c790000 - 0x00007ff98c810000 	C:\Program Files\Java\jdk-12.0.2\bin\freetype.dll
0x00007ff981040000 - 0x00007ff9810eb000 	C:\Program Files\Java\jdk-12.0.2\bin\fontmanager.dll
0x00007ff9b1440000 - 0x00007ff9b14de000 	C:\WINDOWS\System32\TextInputFramework.dll
0x00007ff99e4e0000 - 0x00007ff99e80a000 	C:\WINDOWS\System32\CoreUIComponents.dll
0x00007ff9b40f0000 - 0x00007ff9b41c4000 	C:\WINDOWS\System32\CoreMessaging.dll
0x00007ff9b2640000 - 0x00007ff9b2793000 	C:\WINDOWS\SYSTEM32\wintypes.dll
0x00007ff9b5ac0000 - 0x00007ff9b5af1000 	C:\WINDOWS\SYSTEM32\ntmarta.dll
0x00007ff9ab650000 - 0x00007ff9ab669000 	C:\Program Files\Java\jdk-12.0.2\bin\net.dll
0x00007ff9ab270000 - 0x00007ff9ab446000 	C:\WINDOWS\SYSTEM32\urlmon.dll
0x00007ff9aaf80000 - 0x00007ff9ab227000 	C:\WINDOWS\SYSTEM32\iertutil.dll
0x00007ff9b4640000 - 0x00007ff9b4730000 	C:\WINDOWS\SYSTEM32\WINHTTP.dll
0x00007ff9b64a0000 - 0x00007ff9b64ac000 	C:\WINDOWS\SYSTEM32\CRYPTBASE.DLL
0x00007ff9b62d0000 - 0x00007ff9b6337000 	C:\WINDOWS\system32\mswsock.dll
0x00007ff9a7fe0000 - 0x00007ff9a7ff3000 	C:\Program Files\Java\jdk-12.0.2\bin\nio.dll
0x00007ff9b7da0000 - 0x00007ff9b7e42000 	C:\WINDOWS\System32\clbcatq.dll
0x00007ff9ae590000 - 0x00007ff9ae65f000 	C:\Windows\System32\IME\IMEKR\imkrtip.dll
0x00007ff9b43a0000 - 0x00007ff9b4490000 	C:\WINDOWS\SYSTEM32\PROPSYS.dll
0x00007ff98cab0000 - 0x00007ff98cbe8000 	C:\Windows\System32\IME\shared\imetip.dll
0x00007ff9aa5f0000 - 0x00007ff9aa655000 	C:\WINDOWS\SYSTEM32\OLEACC.dll
0x00007ff99d990000 - 0x00007ff99db43000 	C:\WINDOWS\SYSTEM32\DUI70.dll
0x00007ff9b0350000 - 0x00007ff9b038e000 	C:\Windows\System32\IME\IMEKR\imkrapi.dll
0x00007ff9b1690000 - 0x00007ff9b16cc000 	C:\Windows\System32\IME\shared\imjkapi.dll

dbghelp: loaded successfully - version: 4.0.5 - missing functions: none
symbol engine: initialized successfully - sym options: 0x614 - pdb path: .;C:\Program Files\Java\jdk-12.0.2\bin;C:\WINDOWS\SYSTEM32;C:\WINDOWS\WinSxS\amd64_microsoft.windows.common-controls_6595b64144ccf1df_6.0.18362.1256_none_9e7e379be45e40e2;C:\Program Files\Java\jdk-12.0.2\bin\server;C:\Windows\System32\IME\IMEKR;C:\Windows\System32\IME\shared

VM Arguments:
jvm_args: -Dfile.encoding=UTF-8 
java_command: SelectSeatUIFrame
java_class_path (initial): C:\Users\user\OneDrive\πŸ≈¡ »≠∏È\∞¥√º¡ˆ«‚ «¡∑Œ¡ß∆Æ\OOP_FilghtReservation\AirlineBooking\bin
Launcher Type: SUN_STANDARD

[Global flags]
     intx CICompilerCount                          = 4                                         {product} {ergonomic}
     uint ConcGCThreads                            = 2                                         {product} {ergonomic}
     uint G1ConcRefinementThreads                  = 8                                         {product} {ergonomic}
   size_t G1HeapRegionSize                         = 1048576                                   {product} {ergonomic}
    uintx GCDrainStackTargetSize                   = 64                                        {product} {ergonomic}
   size_t InitialHeapSize                          = 199229440                                 {product} {ergonomic}
   size_t MarkStackSize                            = 4194304                                   {product} {ergonomic}
   size_t MaxHeapSize                              = 3179282432                                {product} {ergonomic}
   size_t MaxNewSize                               = 1907359744                                {product} {ergonomic}
   size_t MinHeapDeltaBytes                        = 1048576                                   {product} {ergonomic}
    uintx NonNMethodCodeHeapSize                   = 5836300                                {pd product} {ergonomic}
    uintx NonProfiledCodeHeapSize                  = 122910970                              {pd product} {ergonomic}
    uintx ProfiledCodeHeapSize                     = 122910970                              {pd product} {ergonomic}
    uintx ReservedCodeCacheSize                    = 251658240                              {pd product} {ergonomic}
     bool SegmentedCodeCache                       = true                                      {product} {ergonomic}
     bool UseCompressedClassPointers               = true                                 {lp64_product} {ergonomic}
     bool UseCompressedOops                        = true                                 {lp64_product} {ergonomic}
     bool UseG1GC                                  = true                                      {product} {ergonomic}
     bool UseLargePagesIndividualAllocation        = false                                  {pd product} {ergonomic}

Logging:
Log output configuration:
 #0: stdout all=warning uptime,level,tags
 #1: stderr all=off uptime,level,tags

Environment Variables:
PATH=C:/Program Files/Java/jdk-12.0.2/bin/server;C:/Program Files/Java/jdk-12.0.2/bin;C:\WINDOWS\system32;C:\WINDOWS;C:\WINDOWS\System32\Wbem;C:\WINDOWS\System32\WindowsPowerShell\v1.0\;C:\Program Files\dotnet\;C:\WINDOWS\System32\OpenSSH\;C:\Program Files\Java\jdk-12.0.2\bin;C:\Users\user\OneDrive\πŸ≈¡ »≠∏È\openGL;C:\;rogram Files\nodejs\;C:\Program Files\Git\cmd;C:\Users\user\AppData\Local\Programs\Python\Python36-32\Scripts\;C:\Users\user\AppData\Local\Programs\Python\Python36-32\;C:\Users\user\AppData\Local\Microsoft\WindowsApps;C:\Modeltech_pe_edu_10.4a\win32pe_edu;C:\ProgramData\user\atom\bin;C:\Users\user\AppData\Local\Microsoft\WindowsApps;C:\Users\user\AppData\Roaming\npm;C:\Users\user\AppData\Local\atom\bin;C:\Users\user\OneDrive\πŸ≈¡ »≠∏È;
USERNAME=user
OS=Windows_NT
PROCESSOR_IDENTIFIER=Intel64 Family 6 Model 142 Stepping 10, GenuineIntel



---------------  S Y S T E M  ---------------

OS: Windows 10 , 64 bit Build 18362 (10.0.18362.1110)

CPU:total 8 (initial active 8) (4 cores per cpu, 2 threads per core) family 6 model 142 stepping 10, cmov, cx8, fxsr, mmx, sse, sse2, sse3, ssse3, sse4.1, sse4.2, popcnt, avx, avx2, aes, clmul, erms, 3dnowpref, lzcnt, ht, tsc, tscinvbit, bmi1, bmi2, adx, fma

Memory: 4k page, system-wide physical 12121M (3597M free)
TotalPageFile size 19841M (AvailPageFile size 3M)
current process WorkingSet (physical memory assigned to process): 89M, peak: 89M
current process commit charge ("private bytes"): 297M, peak: 299M

vm_info: Java HotSpot(TM) 64-Bit Server VM (12.0.2+10) for windows-amd64 JRE (12.0.2+10), built on Jul 16 2019 01:56:17 by "mach5one" with MS VC++ 15.5 (VS2017)

END.
